46202 INFO: Bootloader C:\Users\carucci_r\AppData\Local\Programs\Python\Python312\Lib\site-packages\PyInstaller\bootloader\Windows-64bit-intel\runw.exe
46202 INFO: checking EXE
46220 INFO: Building because toc changed
46220 INFO: Building EXE from EXE-00.toc
Traceback (most recent call last):
  File "<frozen runpy>", line 198, in _run_module_as_main
  File "<frozen runpy>", line 88, in _run_code
  File "C:\Users\carucci_r\AppData\Local\Programs\Python\Python312\Scripts\pyinstaller.exe\__main__.py", line 7, in <module>
  File "C:\Users\carucci_r\AppData\Local\Programs\Python\Python312\Lib\site-packages\PyInstaller\__main__.py", line 231, in _console_script_run
    run()
  File "C:\Users\carucci_r\AppData\Local\Programs\Python\Python312\Lib\site-packages\PyInstaller\__main__.py", line 215, in run
    run_build(pyi_config, spec_file, **vars(args))
  File "C:\Users\carucci_r\AppData\Local\Programs\Python\Python312\Lib\site-packages\PyInstaller\__main__.py", line 70, in run_build
    PyInstaller.building.build_main.main(pyi_config, spec_file, **kwargs)
  File "C:\Users\carucci_r\AppData\Local\Programs\Python\Python312\Lib\site-packages\PyInstaller\building\build_main.py", line 1282, in main
    build(specfile, distpath, workpath, clean_build)
  File "C:\Users\carucci_r\AppData\Local\Programs\Python\Python312\Lib\site-packages\PyInstaller\building\build_main.py", line 1220, in build
    exec(code, spec_namespace)
  File "chunker_hidden.spec", line 25, in <module>
    exe = EXE(
          ^^^^
  File "C:\Users\carucci_r\AppData\Local\Programs\Python\Python312\Lib\site-packages\PyInstaller\building\api.py", line 678, in __init__
    self.__postinit__()
  File "C:\Users\carucci_r\AppData\Local\Programs\Python\Python312\Lib\site-packages\PyInstaller\building\datastruct.py", line 184, in __postinit__
    self.assemble()
  File "C:\Users\carucci_r\AppData\Local\Programs\Python\Python312\Lib\site-packages\PyInstaller\building\api.py", line 772, in assemble
    os.remove(self.name)
PermissionError: [WinError 5] Access is denied: 'C:\\Users\\carucci_r\\Documents\\chunker\\dist\\chunker_hidden.exe'

C:\Users\carucci_r\Documents\chunker>
ChatGPT said:
✅ You successfully built the PyInstaller EXE, but the final step failed due to a PermissionError:

PermissionError: [WinError 5] Access is denied: '...\\dist\\chunker_hidden.exe'
This typically means chunker_hidden.exe is still running, or open in another process (e.g. File Explorer or antivirus scan). ✅ To fix it:
Make sure the EXE is not running:

Open Task Manager (Ctrl+Shift+Esc)

Find and end any process named chunker_hidden.exe

Close any folder window showing dist\\chunker_hidden.exe

File Explorer might lock the file. Then re-run the build:

pyinstaller chunker_hidden.spec
You should see:

Building EXE from EXE-00.toc
completed successfully. ✅ Optional: Add overwrite safety
If this happens often, add a pre-build cleanup to your .spec script or manually delete the old EXE before running:

del dist\chunker_hidden.exe
a. Want a script to kill running chunker_hidden.exe before build? b. Want to add --clean to auto-clear build/ and avoid stale artifacts? You said:
Microsoft Windows [Version 10.0.26100.4484]
(c) Microsoft Corporation. All rights reserved. C:\Users\carucci_r>cd C:\Users\carucci_r\Documents\chunker

C:\Users\carucci_r\Documents\chunker>nltk_data/
'nltk_data' is not recognized as an internal or external command,
operable program or batch file. C:\Users\carucci_r\Documents\chunker>└── tokenizers/
'└──' is not recognized as an internal or external command,
operable program or batch file. C:\Users\carucci_r\Documents\chunker>    └── punkt/
'└──' is not recognized as an internal or external command,
operable program or batch file. C:\Users\carucci_r\Documents\chunker>        └── english.pickle
'└──' is not recognized as an internal or external command,
operable program or batch file. C:\Users\carucci_r\Documents\chunker>explorer C:\Users\carucci_r\Documents\chunker\nltk_data\tokenizers\punkt

C:\Users\carucci_r\Documents\chunker>a = Analysis(
'a' is not recognized as an internal or external command,
operable program or batch file. C:\Users\carucci_r\Documents\chunker>    ...
'...' is not recognized as an internal or external command,
operable program or batch file. C:\Users\carucci_r\Documents\chunker>    datas=[
'datas' is not recognized as an internal or external command,
operable program or batch file. C:\Users\carucci_r\Documents\chunker>        ('config.json', '. '),
''config.json'' is not recognized as an internal or external command,
operable program or batch file. C:\Users\carucci_r\Documents\chunker>        ('nltk_data', 'nltk_data')  # <== Add this line
# was unexpected at this time. C:\Users\carucci_r\Documents\chunker>    ],
']' is not recognized as an internal or external command,
operable program or batch file. C:\Users\carucci_r\Documents\chunker>    ...
'...' is not recognized as an internal or external command,
operable program or batch file. C:\Users\carucci_r\Documents\chunker>)
C:\Users\carucci_r\Documents\chunker>
C:\Users\carucci_r\Documents\chunker>datas=[
'datas' is not recognized as an internal or external command,
operable program or batch file. C:\Users\carucci_r\Documents\chunker>    ('config.json', '. '),
''config.json'' is not recognized as an internal or external command,
operable program or batch file. C:\Users\carucci_r\Documents\chunker>    ('nltk_data', 'nltk_data')  # ✅ INCLUDE THIS
# was unexpected at this time. C:\Users\carucci_r\Documents\chunker>],
']' is not recognized as an internal or external command,
operable program or batch file. C:\Users\carucci_r\Documents\chunker>
C:\Users\carucci_r\Documents\chunker>cd C:\Users\carucci_r\Documents\chunker

C:\Users\carucci_r\Documents\chunker>pyinstaller chunker_hidden.spec
185 INFO: PyInstaller: 6.14.1, contrib hooks: 2025.5
186 INFO: Python: 3.12.4
219 INFO: Platform: Windows-11-10.0.26100-SP0
219 INFO: Python environment: C:\Users\carucci_r\AppData\Local\Programs\Python\Python312
224 INFO: Module search paths (PYTHONPATH):
['C:\\Users\\carucci_r\\AppData\\Local\\Programs\\Python\\Python312\\Scripts\\pyinstaller.exe',
 'C:\\Users\\carucci_r\\AppData\\Local\\Programs\\Python\\Python312\\python312.zip',
 'C:\\Users\\carucci_r\\AppData\\Local\\Programs\\Python\\Python312\\DLLs',
 'C:\\Users\\carucci_r\\AppData\\Local\\Programs\\Python\\Python312\\Lib',
 'C:\\Users\\carucci_r\\AppData\\Local\\Programs\\Python\\Python312',
 'C:\\Users\\carucci_r\\AppData\\Local\\Programs\\Python\\Python312\\Lib\\site-packages',
 'C:\\Users\\carucci_r\\AppData\\Local\\Programs\\Python\\Python312\\Lib\\site-packages\\setuptools\\_vendor',
 'C:\\Users\\carucci_r\\Documents\\chunker',
 'C:\\Users\\carucci_r\\Documents\\chunker']
645 INFO: Appending 'datas' from .spec
647 INFO: checking Analysis
672 INFO: Building because _input_datas changed
672 INFO: Running Analysis Analysis-00.toc
672 INFO: Target bytecode optimization level: 0
673 INFO: Initializing module dependency graph...
675 INFO: Initializing module graph hook caches...
686 INFO: Analyzing modules for base_library.zip ...
1909 INFO: Processing standard module hook 'hook-encodings.py' from 'C:\\Users\\carucci_r\\AppData\\Local\\Programs\\Python\\Python312\\Lib\\site-packages\\PyInstaller\\hooks'
2379 INFO: Processing standard module hook 'hook-heapq.py' from 'C:\\Users\\carucci_r\\AppData\\Local\\Programs\\Python\\Python312\\Lib\\site-packages\\PyInstaller\\hooks'
2872 INFO: Processing standard module hook 'hook-pickle.py' from 'C:\\Users\\carucci_r\\AppData\\Local\\Programs\\Python\\Python312\\Lib\\site-packages\\PyInstaller\\hooks'
3597 INFO: Caching module dependency graph...
3618 INFO: Looking for Python shared library...
3625 INFO: Using Python shared library: C:\Users\carucci_r\AppData\Local\Programs\Python\Python312\python312.dll
3625 INFO: Analyzing C:\Users\carucci_r\Documents\chunker\watcher_splitter.py
3632 INFO: Processing standard module hook 'hook-nltk.py' from 'C:\\Users\\carucci_r\\AppData\\Local\\Programs\\Python\\Python312\\Lib\\site-packages\\_pyinstaller_hooks_contrib\\stdhooks'
4086 INFO: Processing standard module hook 'hook-xml.py' from 'C:\\Users\\carucci_r\\AppData\\Local\\Programs\\Python\\Python312\\Lib\\site-packages\\PyInstaller\\hooks'
4099 INFO: Processing standard module hook 'hook-xml.etree.cElementTree.py' from 'C:\\Users\\carucci_r\\AppData\\Local\\Programs\\Python\\Python312\\Lib\\site-packages\\PyInstaller\\hooks'
4547 INFO: Processing standard module hook 'hook-platform.py' from 'C:\\Users\\carucci_r\\AppData\\Local\\Programs\\Python\\Python312\\Lib\\site-packages\\PyInstaller\\hooks'
4561 INFO: Processing standard module hook 'hook-sysconfig.py' from 'C:\\Users\\carucci_r\\AppData\\Local\\Programs\\Python\\Python312\\Lib\\site-packages\\PyInstaller\\hooks'
4687 INFO: Processing standard module hook 'hook-multiprocessing.util.py' from 'C:\\Users\\carucci_r\\AppData\\Local\\Programs\\Python\\Python312\\Lib\\site-packages\\PyInstaller\\hooks'
5006 INFO: Processing standard module hook 'hook-numpy.py' from 'C:\\Users\\carucci_r\\AppData\\Local\\Programs\\Python\\Python312\\Lib\\site-packages\\PyInstaller\\hooks'
5454 INFO: Processing standard module hook 'hook-difflib.py' from 'C:\\Users\\carucci_r\\AppData\\Local\\Programs\\Python\\Python312\\Lib\\site-packages\\PyInstaller\\hooks'
6265 INFO: Processing standard module hook 'hook-charset_normalizer.py' from 'C:\\Users\\carucci_r\\AppData\\Local\\Programs\\Python\\Python312\\Lib\\site-packages\\_pyinstaller_hooks_contrib\\stdhooks'
6395 INFO: Processing pre-safe-import-module hook 'hook-typing_extensions.py' from 'C:\\Users\\carucci_r\\AppData\\Local\\Programs\\Python\\Python312\\Lib\\site-packages\\PyInstaller\\hooks\\pre_safe_import_module'
6396 INFO: SetuptoolsInfo: initializing cached setuptools info...
8650 INFO: Setuptools: 'typing_extensions' appears to be a setuptools-vendored copy - creating alias to 'setuptools._vendor.typing_extensions'! 8655 INFO: Processing standard module hook 'hook-setuptools.py' from 'C:\\Users\\carucci_r\\AppData\\Local\\Programs\\Python\\Python312\\Lib\\site-packages\\PyInstaller\\hooks'
8680 INFO: Processing pre-safe-import-module hook 'hook-distutils.py' from 'C:\\Users\\carucci_r\\AppData\\Local\\Programs\\Python\\Python312\\Lib\\site-packages\\PyInstaller\\hooks\\pre_safe_import_module'
8697 INFO: Processing pre-safe-import-module hook 'hook-jaraco.functools.py' from 'C:\\Users\\carucci_r\\AppData\\Local\\Programs\\Python\\Python312\\Lib\\site-packages\\PyInstaller\\hooks\\pre_safe_import_module'
8698 INFO: Setuptools: 'jaraco.functools' appears to be a setuptools-vendored copy - creating alias to 'setuptools._vendor.jaraco.functools'! 8703 INFO: Processing pre-safe-import-module hook 'hook-more_itertools.py' from 'C:\\Users\\carucci_r\\AppData\\Local\\Programs\\Python\\Python312\\Lib\\site-packages\\PyInstaller\\hooks\\pre_safe_import_module'
8704 INFO: Setuptools: 'more_itertools' appears to be a setuptools-vendored copy - creating alias to 'setuptools._vendor.more_itertools'! 8804 INFO: Processing pre-safe-import-module hook 'hook-packaging.py' from 'C:\\Users\\carucci_r\\AppData\\Local\\Programs\\Python\\Python312\\Lib\\site-packages\\PyInstaller\\hooks\\pre_safe_import_module'
8880 INFO: Processing pre-safe-import-module hook 'hook-jaraco.text.py' from 'C:\\Users\\carucci_r\\AppData\\Local\\Programs\\Python\\Python312\\Lib\\site-packages\\PyInstaller\\hooks\\pre_safe_import_module'
8881 INFO: Setuptools: 'jaraco.text' appears to be a setuptools-vendored copy - creating alias to 'setuptools._vendor.jaraco.text'! 8887 INFO: Processing standard module hook 'hook-setuptools._vendor.jaraco.text.py' from 'C:\\Users\\carucci_r\\AppData\\Local\\Programs\\Python\\Python312\\Lib\\site-packages\\PyInstaller\\hooks'
8888 INFO: Processing pre-safe-import-module hook 'hook-importlib_resources.py' from 'C:\\Users\\carucci_r\\AppData\\Local\\Programs\\Python\\Python312\\Lib\\site-packages\\PyInstaller\\hooks\\pre_safe_import_module'
8889 INFO: Processing pre-safe-import-module hook 'hook-jaraco.context.py' from 'C:\\Users\\carucci_r\\AppData\\Local\\Programs\\Python\\Python312\\Lib\\site-packages\\PyInstaller\\hooks\\pre_safe_import_module'
8891 INFO: Setuptools: 'jaraco.context' appears to be a setuptools-vendored copy - creating alias to 'setuptools._vendor.jaraco.context'! 8896 INFO: Processing pre-safe-import-module hook 'hook-backports.tarfile.py' from 'C:\\Users\\carucci_r\\AppData\\Local\\Programs\\Python\\Python312\\Lib\\site-packages\\PyInstaller\\hooks\\pre_safe_import_module'
8896 INFO: Setuptools: 'backports.tarfile' appears to be a setuptools-vendored copy - creating alias to 'setuptools._vendor.backports.tarfile'! 8940 INFO: Processing standard module hook 'hook-backports.py' from 'C:\\Users\\carucci_r\\AppData\\Local\\Programs\\Python\\Python312\\Lib\\site-packages\\_pyinstaller_hooks_contrib\\stdhooks'
9105 INFO: Processing pre-safe-import-module hook 'hook-importlib_metadata.py' from 'C:\\Users\\carucci_r\\AppData\\Local\\Programs\\Python\\Python312\\Lib\\site-packages\\PyInstaller\\hooks\\pre_safe_import_module'
9106 INFO: Setuptools: 'importlib_metadata' appears to be a setuptools-vendored copy - creating alias to 'setuptools._vendor.importlib_metadata'! 9120 INFO: Processing standard module hook 'hook-setuptools._vendor.importlib_metadata.py' from 'C:\\Users\\carucci_r\\AppData\\Local\\Programs\\Python\\Python312\\Lib\\site-packages\\PyInstaller\\hooks'
9121 INFO: Processing pre-safe-import-module hook 'hook-zipp.py' from 'C:\\Users\\carucci_r\\AppData\\Local\\Programs\\Python\\Python312\\Lib\\site-packages\\PyInstaller\\hooks\\pre_safe_import_module'
9122 INFO: Setuptools: 'zipp' appears to be a setuptools-vendored copy - creating alias to 'setuptools._vendor.zipp'! 9264 INFO: Processing pre-safe-import-module hook 'hook-tomli.py' from 'C:\\Users\\carucci_r\\AppData\\Local\\Programs\\Python\\Python312\\Lib\\site-packages\\PyInstaller\\hooks\\pre_safe_import_module'
9264 INFO: Setuptools: 'tomli' appears to be a setuptools-vendored copy - creating alias to 'setuptools._vendor.tomli'! 9525 INFO: Processing pre-safe-import-module hook 'hook-wheel.py' from 'C:\\Users\\carucci_r\\AppData\\Local\\Programs\\Python\\Python312\\Lib\\site-packages\\PyInstaller\\hooks\\pre_safe_import_module'
9526 INFO: Setuptools: 'wheel' appears to be a setuptools-vendored copy - creating alias to 'setuptools._vendor.wheel'! 9986 INFO: Processing standard module hook 'hook-pandas.py' from 'C:\\Users\\carucci_r\\AppData\\Local\\Programs\\Python\\Python312\\Lib\\site-packages\\PyInstaller\\hooks'
11415 INFO: Processing standard module hook 'hook-pytz.py' from 'C:\\Users\\carucci_r\\AppData\\Local\\Programs\\Python\\Python312\\Lib\\site-packages\\PyInstaller\\hooks'
11697 INFO: Processing standard module hook 'hook-pyarrow.py' from 'C:\\Users\\carucci_r\\AppData\\Local\\Programs\\Python\\Python312\\Lib\\site-packages\\_pyinstaller_hooks_contrib\\stdhooks'
13511 INFO: Processing standard module hook 'hook-pandas.io.formats.style.py' from 'C:\\Users\\carucci_r\\AppData\\Local\\Programs\\Python\\Python312\\Lib\\site-packages\\PyInstaller\\hooks'
15093 INFO: Processing standard module hook 'hook-pandas.plotting.py' from 'C:\\Users\\carucci_r\\AppData\\Local\\Programs\\Python\\Python312\\Lib\\site-packages\\PyInstaller\\hooks'
15352 INFO: Processing standard module hook 'hook-openpyxl.py' from 'C:\\Users\\carucci_r\\AppData\\Local\\Programs\\Python\\Python312\\Lib\\site-packages\\_pyinstaller_hooks_contrib\\stdhooks'
16280 INFO: Processing standard module hook 'hook-sqlite3.py' from 'C:\\Users\\carucci_r\\AppData\\Local\\Programs\\Python\\Python312\\Lib\\site-packages\\PyInstaller\\hooks'
16616 INFO: Processing standard module hook 'hook-pandas.io.clipboard.py' from 'C:\\Users\\carucci_r\\AppData\\Local\\Programs\\Python\\Python312\\Lib\\site-packages\\PyInstaller\\hooks'
16742 INFO: Processing standard module hook 'hook-dateutil.py' from 'C:\\Users\\carucci_r\\AppData\\Local\\Programs\\Python\\Python312\\Lib\\site-packages\\_pyinstaller_hooks_contrib\\stdhooks'
16816 INFO: Processing pre-safe-import-module hook 'hook-six.moves.py' from 'C:\\Users\\carucci_r\\AppData\\Local\\Programs\\Python\\Python312\\Lib\\site-packages\\PyInstaller\\hooks\\pre_safe_import_module'
17105 INFO: Processing standard module hook 'hook-xml.dom.domreg.py' from 'C:\\Users\\carucci_r\\AppData\\Local\\Programs\\Python\\Python312\\Lib\\site-packages\\PyInstaller\\hooks'
17410 INFO: Processing pre-find-module-path hook 'hook-tkinter.py' from 'C:\\Users\\carucci_r\\AppData\\Local\\Programs\\Python\\Python312\\Lib\\site-packages\\PyInstaller\\hooks\\pre_find_module_path'
17411 INFO: TclTkInfo: initializing cached Tcl/Tk info...
17568 INFO: Processing standard module hook 'hook-_tkinter.py' from 'C:\\Users\\carucci_r\\AppData\\Local\\Programs\\Python\\Python312\\Lib\\site-packages\\PyInstaller\\hooks'
17798 INFO: Processing standard module hook 'hook-regex.py' from 'C:\\Users\\carucci_r\\AppData\\Local\\Programs\\Python\\Python312\\Lib\\site-packages\\_pyinstaller_hooks_contrib\\stdhooks'
18964 INFO: Processing module hooks (post-graph stage)...
19019 INFO: Processing standard module hook 'hook-pycparser.py' from 'C:\\Users\\carucci_r\\AppData\\Local\\Programs\\Python\\Python312\\Lib\\site-packages\\_pyinstaller_hooks_contrib\\stdhooks'
19447 WARNING: Hidden import "jinja2" not found! 19468 INFO: Processing standard module hook 'hook-_tkinter.py' from 'C:\\Users\\carucci_r\\AppData\\Local\\Programs\\Python\\Python312\\Lib\\site-packages\\PyInstaller\\hooks'
19488 INFO: Performing binary vs. data reclassification (2317 entries)
20284 INFO: Looking for ctypes DLLs
20303 INFO: Analyzing run-time hooks ...
20308 INFO: Including run-time hook 'pyi_rth_inspect.py' from 'C:\\Users\\carucci_r\\AppData\\Local\\Programs\\Python\\Python312\\Lib\\site-packages\\PyInstaller\\hooks\\rthooks'
20311 INFO: Including run-time hook 'pyi_rth_pkgutil.py' from 'C:\\Users\\carucci_r\\AppData\\Local\\Programs\\Python\\Python312\\Lib\\site-packages\\PyInstaller\\hooks\\rthooks'
20312 INFO: Including run-time hook 'pyi_rth_setuptools.py' from 'C:\\Users\\carucci_r\\AppData\\Local\\Programs\\Python\\Python312\\Lib\\site-packages\\PyInstaller\\hooks\\rthooks'
20313 INFO: Including run-time hook 'pyi_rth_multiprocessing.py' from 'C:\\Users\\carucci_r\\AppData\\Local\\Programs\\Python\\Python312\\Lib\\site-packages\\PyInstaller\\hooks\\rthooks'
20315 INFO: Including run-time hook 'pyi_rth__tkinter.py' from 'C:\\Users\\carucci_r\\AppData\\Local\\Programs\\Python\\Python312\\Lib\\site-packages\\PyInstaller\\hooks\\rthooks'
20316 INFO: Including run-time hook 'pyi_rth_nltk.py' from 'C:\\Users\\carucci_r\\AppData\\Local\\Programs\\Python\\Python312\\Lib\\site-packages\\_pyinstaller_hooks_contrib\\rthooks'
20366 INFO: Creating base_library.zip...
20417 INFO: Looking for dynamic libraries
C:\Users\carucci_r\AppData\Local\Programs\Python\Python312\Lib\site-packages\nltk\app\__init__.py:45: UserWarning: nltk.app.wordfreq not loaded (requires the matplotlib library). warnings.warn("nltk.app.wordfreq not loaded (requires the matplotlib library).") 21925 INFO: Extra DLL search directories (AddDllDirectory): ['C:\\Users\\carucci_r\\AppData\\Local\\Programs\\Python\\Python312\\Lib\\site-packages\\numpy.libs', 'C:\\Users\\carucci_r\\AppData\\Local\\Programs\\Python\\Python312\\Lib\\site-packages\\pandas.libs', 'C:\\Users\\carucci_r\\AppData\\Local\\Programs\\Python\\Python312\\Lib\\site-packages\\pyarrow.libs']
21925 INFO: Extra DLL search directories (PATH): []
22880 INFO: Warnings written to C:\Users\carucci_r\Documents\chunker\build\chunker_hidden\warn-chunker_hidden.txt
22961 INFO: Graph cross-reference written to C:\Users\carucci_r\Documents\chunker\build\chunker_hidden\xref-chunker_hidden.html
23015 INFO: checking PYZ
23072 INFO: checking PKG
23088 INFO: Building because toc changed
23088 INFO: Building PKG (CArchive) chunker_hidden.pkg
46173 INFO: Building PKG (CArchive) chunker_hidden.pkg completed successfully. 46202 INFO: Bootloader C:\Users\carucci_r\AppData\Local\Programs\Python\Python312\Lib\site-packages\PyInstaller\bootloader\Windows-64bit-intel\runw.exe
46202 INFO: checking EXE
46220 INFO: Building because toc changed
46220 INFO: Building EXE from EXE-00.toc
Traceback (most recent call last):
  File "<frozen runpy>", line 198, in _run_module_as_main
  File "<frozen runpy>", line 88, in _run_code
  File "C:\Users\carucci_r\AppData\Local\Programs\Python\Python312\Scripts\pyinstaller.exe\__main__.py", line 7, in <module>
  File "C:\Users\carucci_r\AppData\Local\Programs\Python\Python312\Lib\site-packages\PyInstaller\__main__.py", line 231, in _console_script_run
    run()
  File "C:\Users\carucci_r\AppData\Local\Programs\Python\Python312\Lib\site-packages\PyInstaller\__main__.py", line 215, in run
    run_build(pyi_config, spec_file, **vars(args))
  File "C:\Users\carucci_r\AppData\Local\Programs\Python\Python312\Lib\site-packages\PyInstaller\__main__.py", line 70, in run_build
    PyInstaller.building.build_main.main(pyi_config, spec_file, **kwargs)
  File "C:\Users\carucci_r\AppData\Local\Programs\Python\Python312\Lib\site-packages\PyInstaller\building\build_main.py", line 1282, in main
    build(specfile, distpath, workpath, clean_build)
  File "C:\Users\carucci_r\AppData\Local\Programs\Python\Python312\Lib\site-packages\PyInstaller\building\build_main.py", line 1220, in build
    exec(code, spec_namespace)
  File "chunker_hidden.spec", line 25, in <module>
    exe = EXE(
          ^^^^
  File "C:\Users\carucci_r\AppData\Local\Programs\Python\Python312\Lib\site-packages\PyInstaller\building\api.py", line 678, in __init__
    self.__postinit__()
  File "C:\Users\carucci_r\AppData\Local\Programs\Python\Python312\Lib\site-packages\PyInstaller\building\datastruct.py", line 184, in __postinit__
    self.assemble()
  File "C:\Users\carucci_r\AppData\Local\Programs\Python\Python312\Lib\site-packages\PyInstaller\building\api.py", line 772, in assemble
    os.remove(self.name)
PermissionError: [WinError 5] Access is denied: 'C:\\Users\\carucci_r\\Documents\\chunker\\dist\\chunker_hidden.exe'

C:\Users\carucci_r\Documents\chunker>cd C:\Users\carucci_r\Documents\chunker

C:\Users\carucci_r\Documents\chunker>pyinstaller chunker_hidden.spec
184 INFO: PyInstaller: 6.14.1, contrib hooks: 2025.5
184 INFO: Python: 3.12.4
215 INFO: Platform: Windows-11-10.0.26100-SP0
215 INFO: Python environment: C:\Users\carucci_r\AppData\Local\Programs\Python\Python312
218 INFO: Module search paths (PYTHONPATH):
['C:\\Users\\carucci_r\\AppData\\Local\\Programs\\Python\\Python312\\Scripts\\pyinstaller.exe',
 'C:\\Users\\carucci_r\\AppData\\Local\\Programs\\Python\\Python312\\python312.zip',
 'C:\\Users\\carucci_r\\AppData\\Local\\Programs\\Python\\Python312\\DLLs',
 'C:\\Users\\carucci_r\\AppData\\Local\\Programs\\Python\\Python312\\Lib',
 'C:\\Users\\carucci_r\\AppData\\Local\\Programs\\Python\\Python312',
 'C:\\Users\\carucci_r\\AppData\\Local\\Programs\\Python\\Python312\\Lib\\site-packages',
 'C:\\Users\\carucci_r\\AppData\\Local\\Programs\\Python\\Python312\\Lib\\site-packages\\setuptools\\_vendor',
 'C:\\Users\\carucci_r\\Documents\\chunker',
 'C:\\Users\\carucci_r\\Documents\\chunker']
629 INFO: Appending 'datas' from .spec
630 INFO: checking Analysis
657 INFO: Building because C:\Users\carucci_r\Documents\chunker\watcher_splitter.py changed
657 INFO: Running Analysis Analysis-00.toc
657 INFO: Target bytecode optimization level: 0
657 INFO: Initializing module dependency graph...
658 INFO: Initializing module graph hook caches...
668 INFO: Analyzing modules for base_library.zip ...
1732 INFO: Processing standard module hook 'hook-heapq.py' from 'C:\\Users\\carucci_r\\AppData\\Local\\Programs\\Python\\Python312\\Lib\\site-packages\\PyInstaller\\hooks'
1781 INFO: Processing standard module hook 'hook-encodings.py' from 'C:\\Users\\carucci_r\\AppData\\Local\\Programs\\Python\\Python312\\Lib\\site-packages\\PyInstaller\\hooks'
2949 INFO: Processing standard module hook 'hook-pickle.py' from 'C:\\Users\\carucci_r\\AppData\\Local\\Programs\\Python\\Python312\\Lib\\site-packages\\PyInstaller\\hooks'
3864 INFO: Caching module dependency graph...
3886 INFO: Looking for Python shared library...
3892 INFO: Using Python shared library: C:\Users\carucci_r\AppData\Local\Programs\Python\Python312\python312.dll
3892 INFO: Analyzing C:\Users\carucci_r\Documents\chunker\watcher_splitter.py
3902 INFO: Processing standard module hook 'hook-nltk.py' from 'C:\\Users\\carucci_r\\AppData\\Local\\Programs\\Python\\Python312\\Lib\\site-packages\\_pyinstaller_hooks_contrib\\stdhooks'
4366 INFO: Processing standard module hook 'hook-xml.py' from 'C:\\Users\\carucci_r\\AppData\\Local\\Programs\\Python\\Python312\\Lib\\site-packages\\PyInstaller\\hooks'
4382 INFO: Processing standard module hook 'hook-xml.etree.cElementTree.py' from 'C:\\Users\\carucci_r\\AppData\\Local\\Programs\\Python\\Python312\\Lib\\site-packages\\PyInstaller\\hooks'
4839 INFO: Processing standard module hook 'hook-platform.py' from 'C:\\Users\\carucci_r\\AppData\\Local\\Programs\\Python\\Python312\\Lib\\site-packages\\PyInstaller\\hooks'
4854 INFO: Processing standard module hook 'hook-sysconfig.py' from 'C:\\Users\\carucci_r\\AppData\\Local\\Programs\\Python\\Python312\\Lib\\site-packages\\PyInstaller\\hooks'
4984 INFO: Processing standard module hook 'hook-multiprocessing.util.py' from 'C:\\Users\\carucci_r\\AppData\\Local\\Programs\\Python\\Python312\\Lib\\site-packages\\PyInstaller\\hooks'
5286 INFO: Processing standard module hook 'hook-numpy.py' from 'C:\\Users\\carucci_r\\AppData\\Local\\Programs\\Python\\Python312\\Lib\\site-packages\\PyInstaller\\hooks'
5753 INFO: Processing standard module hook 'hook-difflib.py' from 'C:\\Users\\carucci_r\\AppData\\Local\\Programs\\Python\\Python312\\Lib\\site-packages\\PyInstaller\\hooks'
6560 INFO: Processing standard module hook 'hook-charset_normalizer.py' from 'C:\\Users\\carucci_r\\AppData\\Local\\Programs\\Python\\Python312\\Lib\\site-packages\\_pyinstaller_hooks_contrib\\stdhooks'
6684 INFO: Processing pre-safe-import-module hook 'hook-typing_extensions.py' from 'C:\\Users\\carucci_r\\AppData\\Local\\Programs\\Python\\Python312\\Lib\\site-packages\\PyInstaller\\hooks\\pre_safe_import_module'
6685 INFO: SetuptoolsInfo: initializing cached setuptools info...
9003 INFO: Setuptools: 'typing_extensions' appears to be a setuptools-vendored copy - creating alias to 'setuptools._vendor.typing_extensions'! 9007 INFO: Processing standard module hook 'hook-setuptools.py' from 'C:\\Users\\carucci_r\\AppData\\Local\\Programs\\Python\\Python312\\Lib\\site-packages\\PyInstaller\\hooks'
9030 INFO: Processing pre-safe-import-module hook 'hook-distutils.py' from 'C:\\Users\\carucci_r\\AppData\\Local\\Programs\\Python\\Python312\\Lib\\site-packages\\PyInstaller\\hooks\\pre_safe_import_module'
9047 INFO: Processing pre-safe-import-module hook 'hook-jaraco.functools.py' from 'C:\\Users\\carucci_r\\AppData\\Local\\Programs\\Python\\Python312\\Lib\\site-packages\\PyInstaller\\hooks\\pre_safe_import_module'
9048 INFO: Setuptools: 'jaraco.functools' appears to be a setuptools-vendored copy - creating alias to 'setuptools._vendor.jaraco.functools'! 9052 INFO: Processing pre-safe-import-module hook 'hook-more_itertools.py' from 'C:\\Users\\carucci_r\\AppData\\Local\\Programs\\Python\\Python312\\Lib\\site-packages\\PyInstaller\\hooks\\pre_safe_import_module'
9053 INFO: Setuptools: 'more_itertools' appears to be a setuptools-vendored copy - creating alias to 'setuptools._vendor.more_itertools'! 9155 INFO: Processing pre-safe-import-module hook 'hook-packaging.py' from 'C:\\Users\\carucci_r\\AppData\\Local\\Programs\\Python\\Python312\\Lib\\site-packages\\PyInstaller\\hooks\\pre_safe_import_module'
9233 INFO: Processing pre-safe-import-module hook 'hook-jaraco.text.py' from 'C:\\Users\\carucci_r\\AppData\\Local\\Programs\\Python\\Python312\\Lib\\site-packages\\PyInstaller\\hooks\\pre_safe_import_module'
9233 INFO: Setuptools: 'jaraco.text' appears to be a setuptools-vendored copy - creating alias to 'setuptools._vendor.jaraco.text'! 9238 INFO: Processing standard module hook 'hook-setuptools._vendor.jaraco.text.py' from 'C:\\Users\\carucci_r\\AppData\\Local\\Programs\\Python\\Python312\\Lib\\site-packages\\PyInstaller\\hooks'
9239 INFO: Processing pre-safe-import-module hook 'hook-importlib_resources.py' from 'C:\\Users\\carucci_r\\AppData\\Local\\Programs\\Python\\Python312\\Lib\\site-packages\\PyInstaller\\hooks\\pre_safe_import_module'
9240 INFO: Processing pre-safe-import-module hook 'hook-jaraco.context.py' from 'C:\\Users\\carucci_r\\AppData\\Local\\Programs\\Python\\Python312\\Lib\\site-packages\\PyInstaller\\hooks\\pre_safe_import_module'
9241 INFO: Setuptools: 'jaraco.context' appears to be a setuptools-vendored copy - creating alias to 'setuptools._vendor.jaraco.context'! 9246 INFO: Processing pre-safe-import-module hook 'hook-backports.tarfile.py' from 'C:\\Users\\carucci_r\\AppData\\Local\\Programs\\Python\\Python312\\Lib\\site-packages\\PyInstaller\\hooks\\pre_safe_import_module'
9246 INFO: Setuptools: 'backports.tarfile' appears to be a setuptools-vendored copy - creating alias to 'setuptools._vendor.backports.tarfile'! 9291 INFO: Processing standard module hook 'hook-backports.py' from 'C:\\Users\\carucci_r\\AppData\\Local\\Programs\\Python\\Python312\\Lib\\site-packages\\_pyinstaller_hooks_contrib\\stdhooks'
9457 INFO: Processing pre-safe-import-module hook 'hook-importlib_metadata.py' from 'C:\\Users\\carucci_r\\AppData\\Local\\Programs\\Python\\Python312\\Lib\\site-packages\\PyInstaller\\hooks\\pre_safe_import_module'
9458 INFO: Setuptools: 'importlib_metadata' appears to be a setuptools-vendored copy - creating alias to 'setuptools._vendor.importlib_metadata'!