Analysis errored
Always show details

# Load the new all-inclusive time-off activity export to inspect structure
file_path = "/mnt/data/2023_01_To_2025_05_All_TimeOffActivity.xls"
xls = pd.ExcelFile(file_path)

# List sheet names
xls.sheet_names

Analysis errored
Always show details

# Re-import needed libraries after code environment reset
import pandas as pd

# Reload the full time-off activity file
file_path = "/mnt/data/2023_01_To_2025_05_All_TimeOffActivity.xls"
xls = pd.ExcelFile(file_path)

# List sheet names to confirm available data
sheet_names = xls.sheet_names
sheet_names
---------------------------------------------------------------------------
ModuleNotFoundError                       Traceback (most recent call last)
File ~/.local/lib/python3.11/site-packages/pandas/compat/_optional.py:141, in import_optional_dependency(name, extra, errors, min_version)
    140 try:
--> 141     module = importlib.import_module(name)
    142 except ImportError:

File /usr/local/lib/python3.11/importlib/__init__.py:126, in import_module(name, package)
    125         level += 1
--> 126 return _bootstrap._gcd_import(name[level:], package, level)

File <frozen importlib._bootstrap>:1204, in _gcd_import(name, package, level)

File <frozen importlib._bootstrap>:1176, in _find_and_load(name, import_)

File <frozen importlib._bootstrap>:1140, in _find_and_load_unlocked(name, import_)

ModuleNotFoundError: No module named 'xlrd'

During handling of the above exception, another exception occurred:

ImportError                               Traceback (most recent call last)
Cell In[1], line 6
      4 # Reload the full time-off activity file
      5 file_path = "/mnt/data/2023_01_To_2025_05_All_TimeOffActivity.xls"
----> 6 xls = pd.ExcelFile(file_path)
      8 # List sheet names to confirm available data
      9 sheet_names = xls.sheet_names

File ~/.local/lib/python3.11/site-packages/pandas/io/excel/_base.py:1695, in ExcelFile.__init__(self, path_or_buffer, engine, storage_options)
   1692 self.engine = engine
   1693 self.storage_options = storage_options
-> 1695 self._reader = self._engines[engine](self._io, storage_options=storage_options)

File ~/.local/lib/python3.11/site-packages/pandas/io/excel/_xlrd.py:34, in XlrdReader.__init__(self, filepath_or_buffer, storage_options)
     24 """
     25 Reader using xlrd engine. 26 
   (...)     31 {storage_options}
     32 """
     33 err_msg = "Install xlrd >= 1.0.0 for Excel support"
---> 34 import_optional_dependency("xlrd", extra=err_msg)
     35 super().__init__(filepath_or_buffer, storage_options=storage_options)

File ~/.local/lib/python3.11/site-packages/pandas/compat/_optional.py:144, in import_optional_dependency(name, extra, errors, min_version)
    142 except ImportError:
    143     if errors == "raise":
--> 144         raise ImportError(msg)
    145     else:
    146         return None

ImportError: Missing optional dependency 'xlrd'. Install xlrd >= 1.0.0 for Excel support Use pip or conda to install xlrd. ‚ö†Ô∏è The file you uploaded ‚Äî 2023_01_To_2025_05_All_TimeOffActivity.xls ‚Äî is in an older Excel .xls format, which requires a special reader (xlrd). Since that library isn't currently available in this environment, I can't read it directly yet. ‚úÖ Here's What You Should Do:
Please re-save the file as .xlsx (newer format):

üìÇ In Excel:
Open 2023_01_To_2025_05_All_TimeOffActivity.xls

Click File > Save As

Choose Excel Workbook (*.xlsx) format

Re-upload that .xlsx file here

Once you do that, I‚Äôll:

Update your Time_Off_Master query to use this full export

Filter internally for categories like Military, Injured on Duty, etc. Ensure it's ready for Power BI dashboarding

Let‚Äôs finish this migration strong! Click here to try a new GPT! You said:
I save the new export in the folder. the file is .xls will this cause an issue? ChatGPT said:
üîß Great question ‚Äî and yes, keeping the file as .xls can cause issues, especially when:

‚ö†Ô∏è Why .xls Can Be Problematic:
Limitation	Why It Matters
üß± Old Format	.xls is the Excel 97-2003 format ‚Äî legacy and limited
üì¶ Row limits	Maxes out around 65,536 rows, not ideal for large time logs
üìâ Power BI Compatibility	Sometimes Power BI chokes on .xls when used in scheduled refresh
‚ö†Ô∏è In Power Query (M)	.xls loads via a different engine than .xlsx, increasing risk of load/transform errors
üîÅ Harder to merge with other modern files	If other files are .xlsx, consistency issues arise
‚úÖ Recommended:
Re-save as .xlsx ‚Äî even if your folder currently contains .xls files. üîÑ Converting the master time off file to .xlsx ensures better performance, compatibility, and stability ‚Äî especially for Power BI refreshes, merges, and transformations. Would you like me to:

üß† Provide the Power Query M code ready for .xlsx

üõ† Help you batch convert other .xls files to .xlsx

üìÇ Design a clean folder structure for Power BI sourcing

üö¶ Automate updates using a parameter for file path

Let‚Äôs keep your dashboard clean and scalable! Click here to try a new GPT! You said:
Uploaded image
ChatGPT said:
‚úÖ Perfect ‚Äî now that you've saved the file as .xlsx, you're set for a smooth integration with Power BI. ‚úÖ Next Step: Replace the Time_Off_Master Source
You‚Äôll want to replace the source of your Time_Off_Master query with this full export so it includes all Reasons (not just Military, IOD, etc.). üîß Here‚Äôs How to Replace the Source:
Go to Power Query Editor

In the Queries pane, select Time_Off_Master

In the formula bar, replace the Source step with:

let
    Source = Excel.Workbook(File.Contents("C:\Users\carucci_r\OneDrive - City of Hackensack\_MONTHLY_DATA\EXPORTS\_POSS_EXPORT\TIME_OFF_EXPORT\2023_01_To_2025_05_All_TimeOffActivity.xlsx"), null, true),
    Data = Source{[Item="Sheet1",Kind="Sheet"]}[Data]
in
    Data
‚úÖ Ensure:

"Sheet1" matches your actual sheet name (e.g. "TimeOffActivity" or "All_Leave"). You click "Close & Apply" when finished. üß† Bonus Enhancements:
Option	Purpose
‚úÖ Rename Query to Time_Off_Master_Full	To distinguish from the partial version
üîÅ Filter in downstream queries	Keep logic clean in Time_Accruals_Summary, Current_Month, etc. üß™ Test queries downstream	See how metrics like FTE Hours, Military, IOD, etc., are now enriched
Would you like a refreshed version of Time_Accruals_Summary with FTE Hour adjustments by shift type added next? üëâ Press:

1 for Time_Accruals_Summary with FTE Logic

2 to build a new Time_Off_Master_Full

3 to add shift-type detection

4 to check monthly export structure

Click here to try a new GPT! You said:
Uploaded image
I should update the excel power query first? ChatGPT said:
‚úÖ Yes ‚Äî Update the Excel Power Query first. That way, you ensure all Power BI reports connected to Time_Off_Master are pulling from the correct and complete dataset going forward. üîß Here's What to Do:
You're already almost done ‚Äî your screenshot shows the query pulling from a folder source:

FolderPath = "C:\Users\carucci_r\OneDrive - City of Hackensack\_MONTHLY_DATA\EXPORTS\_POSS_EXPORT\TIME_OFF_EXPORT"
It already loads .xls and .xlsx files ‚Äî so you don't need to rewrite the code. Instead:

‚úÖ Finalize These Steps:
‚úÖ 1. Make Sure the New File Is In That Folder
Your latest export:

2023_01_To_2025_05_All_TimeOffActivity.xlsx
‚Ä¶is already there ‚Äî ‚úÖ done. ‚úÖ 2. Remove or Rename Older/Partial Files
To avoid loading duplicates:

Either remove or rename older versions

Or adjust the filter step in the query to only include:

Text.Contains([Name], "All_TimeOffActivity")
‚úÖ 3. Refresh the Query
In Excel: Data ‚Üí Refresh All

Or: Power Query Editor ‚Üí Close & Load

‚úÖ After this, your Time_Off_Master will include all Reasons from 2023 to 2025, and your Power BI queries will reflect that automatically if they're linked to this workbook. Would you like to:

1 Generate new FTE Hours from shift info? 2 Update Time_Accruals_Summary to reflect this full data? 3 Add filters for custom periods (e.g. fiscal year)? 4 Build a dashboard visual like the one you shared? Click here to try a new GPT! You said:
let
    FolderPath = "C:\Users\carucci_r\OneDrive - City of Hackensack\_MONTHLY_DATA\_EXPORTS\_POSS_EXPORT\TIME_OFF_EXPORT\",

    Source = Folder.Files(FolderPath),
    FilteredFiles = Table.SelectRows(Source, each 
        [Attributes]?[Hidden]? <> true and 
        (Text.EndsWith([Name], ".xlsx") or Text.EndsWith([Name], ".xls"))
    ),

    TransformFiles = Table.AddColumn(FilteredFiles, "Data", each
        try
            let
                ExcelFile = Excel.Workbook([Content], null, true),
                Sheet = ExcelFile{[Name="TimeOffActivity"]}[Data],
                Promoted = Table.PromoteHeaders(Sheet, [PromoteAllScalars=true]),
                ParsedDate = Table.TransformColumnTypes(Promoted, {{"Date", type date}}),
                ValidatedDate = Table.TransformColumns(ParsedDate, {{"Date", each if Value.Is(_, type date) then _ else Date.From(_), type date}}),
                SplitTimes = Table.SplitColumn(ValidatedDate, "Times", Splitter.SplitTextByDelimiter("-", QuoteStyle.Csv), {"Start_Time", "End_Time"}),

                // Add derived date fields
                AddYear = Table.AddColumn(SplitTimes, "Year", each Date.Year([Date]), Int64.Type),
                AddMonth = Table.AddColumn(AddYear, "Month", each Date.Month([Date]), Int64.Type),
                AddMonthName = Table.AddColumn(AddMonth, "Month_Name", each Date.MonthName([Date]), type text),
                AddMonthNum = Table.AddColumn(AddMonthName, "Month_Number", each Date.Month([Date]), Int64.Type),
                AddWeek = Table.AddColumn(AddMonthNum, "Week_Of_Year", each Date.WeekOfYear([Date]), Int64.Type),
                AddDayName = Table.AddColumn(AddWeek, "Day_Name", each Date.DayOfWeekName([Date]), type text),
                AddDayOfWeek = Table.AddColumn(AddDayName, "Day_Of_Week", each Date.DayOfWeek([Date]), Int64.Type),
                AddDayOfYear = Table.AddColumn(AddDayOfWeek, "Day_Of_Year", each Date.DayOfYear([Date]), Int64.Type),
                AddPeriod = Table.AddColumn(AddDayOfYear, "Period", each Text.PadStart(Text.From(Date.Month([Date])), 2, "0") & "-" & Text.End(Text.From(Date.Year([Date])), 2), type text)
            in
                AddPeriod
        otherwise null
    ),

    Cleaned = Table.SelectRows(TransformFiles, each [Data] <> null),
    Expanded = Table.ExpandTableColumn(Cleaned, "Data", Table.ColumnNames(Cleaned{0}[Data])),
    RemovedMeta = Table.RemoveColumns(Expanded, {"Name", "Extension", "Date accessed", "Date modified", "Date created", "Attributes", "Folder Path", "Content"}, MissingField.Ignore),

    FinalTypes = Table.TransformColumnTypes(RemovedMeta, {
        {"Group", type text},
        {"Employee", type text},
        {"Reason", type text},
        {"Status", type text},
        {"Date", type date},
        {"Shift", type text},
        {"Start_Time", type time},
        {"End_Time", type time},
        {"Hours", type number},
        {"Year", Int64.Type},
        {"Month", Int64.Type},
        {"Month_Name", type text},
        {"Month_Number", Int64.Type},
        {"Week_Of_Year", Int64.Type},
        {"Day_Name", type text},
        {"Day_Of_Week", Int64.Type},
        {"Day_Of_Year", Int64.Type},
        {"Period", type text}
    })
in
    FinalTypes

what needs to be added
ChatGPT said:
Your Power Query M code is in excellent shape overall ‚Äî it pulls .xls and .xlsx files from your export folder, transforms the TimeOffActivity sheets, and adds helpful date fields like Period, Day_Of_Year, etc. ‚úÖ What‚Äôs Already Done Well
Pulling from all files in the correct folder

Promoting headers and normalizing the Date field

Extracting multiple date breakdowns (year, month, weekday, etc.) Creating a Period field in "MM-YY" format

Cleaning metadata columns

üîß What You Should Add Now
Since you're preparing to:

Track FTE Hours, and

Ensure filtering for report-specific categories (like "Injured on Duty", "Military Leave", etc. ),

You should add:

‚úÖ 1. New Column: Scheduled_Hours (based on Shift Time)
Power Query already splits "Times" into Start_Time and End_Time. Now calculate scheduled hours:

AddScheduledHours = Table.AddColumn(FinalTypes, "Scheduled_Hours", each 
    Duration.TotalHours([End_Time] - [Start_Time]), type number)
üëâ This will create a Scheduled_Hours column representing the actual length of each shift, taking into account both 8-hour and 12-hour formats. ‚úÖ 2. (Optional) Add Flag for "FTE Type"
If you'd like to flag whether it's likely a 12-hour or 8-hour assignment (e.g. Patrol vs. Traffic), you can add a custom column based on Group or Shift patterns:

AddFTECategory = Table.AddColumn(AddScheduledHours, "FTE_Type", each
    if Text.Contains([Group], "Traffic") then "8-Hour"
    else if [Scheduled_Hours] >= 11 then "12-Hour"
    else "Other", type text)
This will help later when aggregating FTE usage or visualizing time by work unit. ‚úÖ 3. (Optional for Time_Off_Master) Add a Filter for Reporting-Relevant Leave Types
If you want Time_Off_Master to only include leave relevant to monthly dashboards (e.g. "Injured on Duty", "Military Leave", etc. ), you can filter the rows:

FilteredRelevant = Table.SelectRows(AddFTECategory, each 
    Text.Contains(Text.Upper([Reason]), "INJUR") or 
    Text.Contains(Text.Upper([Reason]), "IOD") or 
    Text.Upper([Reason]) = "MILITARY LEAVE" or 
    Text.Upper([Reason]) = "SICK (DAYS)" or 
    Text.Upper([Reason]) = "PEO SICK (HOURS)" or 
    Text.Upper([Reason]) = "SLEO III SICK (HOURS)")
If instead Time_Off_Master should stay unfiltered, you can do this filtering in Time_Accruals_Summary or downstream queries. üîÑ Final Query Step Example
Replace FinalTypes in your in clause with:

in
    FilteredRelevant
Or, if you want everything retained, use:

in
    AddScheduledHours
üîÅ Want help auto-integrating this into the full code block? Let me know whether you want to:

Add these steps at the end of your current query, or

Split them into a new query like Time_Off_FTE. Then I‚Äôll provide the full updated code for copy-paste üîß

Would you like to:

1Ô∏è‚É£ Add both FTE + Category tagging? 2Ô∏è‚É£ Filter for dashboard leave types now? 3Ô∏è‚É£ Leave Time_Off_Master unfiltered, filter downstream? 4Ô∏è‚É£ Add this logic into Time_Accruals_Summary directly? üëá Use the hotkeys to guide the next step! Press 1 ‚Äì Add FTE logic & categories now

Press 2 ‚Äì Add filters for dashboard categories

Press 3 ‚Äì Leave query full, filter elsewhere

Press 4 ‚Äì Inject directly into Time_Accruals_Summary

Click here to try a new GPT! You said:
definitely 1 and I think #3 what's you take
ChatGPT said:
üí° Great choices! Let‚Äôs break them down and I'll explain why your instincts are exactly right:

‚úÖ Choice 1: Add FTE Hours & Category
Perfect move ‚Äî calculating Scheduled_Hours from Start_Time and End_Time is precise and clean, and flagging an estimated FTE_Type (like "12-Hour" or "8-Hour") gives you powerful new reporting ability. Use cases:

üìä Normalize time off across different schedules

üßÆ Compare total hours missed vs. scheduled for productivity

üìà Slice visuals by patrol vs. traffic vs. admin

‚úÖ Choice 3: Leave Time_Off_Master Unfiltered
Also smart. This keeps the raw data clean, flexible, and future-proof. Why? You can reuse the same query in multiple dashboards. Downstream queries (like Time_Accruals_Summary, Time_Off_Current_Month, etc.) can apply their own custom filters. Adding filters later = more dynamic and isolated control. üöÄ Here's Your Updated Power Query M Code (for Time_Off_Master)
Add these two steps at the end of your existing query:

AddScheduledHours = Table.AddColumn(FinalTypes, "Scheduled_Hours", each 
    Duration.TotalHours([End_Time] - [Start_Time]), type number),

AddFTECategory = Table.AddColumn(AddScheduledHours, "FTE_Type", each
    if Text.Contains(Text.Upper([Group]), "TRAFFIC") then "8-Hour"
    else if [Scheduled_Hours] >= 11 then "12-Hour"
    else "Other", type text)
‚úèÔ∏è Final in clause:
Replace:

in
    FinalTypes
With:

in
    AddFTECategory
‚úÖ New Columns Added:
Column Name	Description
Scheduled_Hours	Time between Start_Time and End_Time
FTE_Type	Categorizes by 12-Hour, 8-Hour, or Other
‚ö†Ô∏è Important Notes:
These new columns will be available to all downstream queries. You can now use them in Time_Accruals_Summary to normalize hours or calculate % time used vs. total shift hours. You‚Äôre still ingesting all reasons ‚Äî which gives you full flexibility to analyze anything later. Ready for the next move? Choose:

1Ô∏è‚É£ Add this logic to Time_Accruals_Summary now

2Ô∏è‚É£ Build a pivot showing FTE Hours by Reason

3Ô∏è‚É£ Export normalized FTE report to Excel

4Ô∏è‚É£ Optimize dashboard visuals using FTE_Type

Click here to try a new GPT! You said:
fix and return full code
ChatGPT said:
Absolutely! Here's the ‚ú® fully updated Power Query M code for your Time_Off_Master query ‚Äî incorporating:

‚úÖ Clean ingestion from .xls/.xlsx
‚úÖ Promoted + validated dates
‚úÖ Derived date fields
‚úÖ ‚ûï NEW: Scheduled_Hours & FTE_Type fields for shift analysis

‚úÖ Updated Full M Code: Time_Off_Master
let
    FolderPath = "C:\Users\carucci_r\OneDrive - City of Hackensack\_MONTHLY_DATA\_EXPORTS\_POSS_EXPORT\TIME_OFF_EXPORT\",

    Source = Folder.Files(FolderPath),
    FilteredFiles = Table.SelectRows(Source, each 
        [Attributes]?[Hidden]? <> true and 
        (Text.EndsWith([Name], ".xlsx") or Text.EndsWith([Name], ".xls"))
    ),

    TransformFiles = Table.AddColumn(FilteredFiles, "Data", each
        try
            let
                ExcelFile = Excel.Workbook([Content], null, true),
                Sheet = ExcelFile{[Name="TimeOffActivity"]}[Data],
                Promoted = Table.PromoteHeaders(Sheet, [PromoteAllScalars=true]),
                ParsedDate = Table.TransformColumnTypes(Promoted, {{"Date", type date}}),
                ValidatedDate = Table.TransformColumns(ParsedDate, {{"Date", each if Value.Is(_, type date) then _ else Date.From(_), type date}}),
                SplitTimes = Table.SplitColumn(ValidatedDate, "Times", Splitter.SplitTextByDelimiter("-", QuoteStyle.Csv), {"Start_Time", "End_Time"}),

                // Add derived date fields
                AddYear = Table.AddColumn(SplitTimes, "Year", each Date.Year([Date]), Int64.Type),
                AddMonth = Table.AddColumn(AddYear, "Month", each Date.Month([Date]), Int64.Type),
                AddMonthName = Table.AddColumn(AddMonth, "Month_Name", each Date.MonthName([Date]), type text),
                AddMonthNum = Table.AddColumn(AddMonthName, "Month_Number", each Date.Month([Date]), Int64.Type),
                AddWeek = Table.AddColumn(AddMonthNum, "Week_Of_Year", each Date.WeekOfYear([Date]), Int64.Type),
                AddDayName = Table.AddColumn(AddWeek, "Day_Name", each Date.DayOfWeekName([Date]), type text),
                AddDayOfWeek = Table.AddColumn(AddDayName, "Day_Of_Week", each Date.DayOfWeek([Date]), Int64.Type),
                AddDayOfYear = Table.AddColumn(AddDayOfWeek, "Day_Of_Year", each Date.DayOfYear([Date]), Int64.Type),
                AddPeriod = Table.AddColumn(AddDayOfYear, "Period", each Text.PadStart(Text.From(Date.Month([Date])), 2, "0") & "-" & Text.End(Text.From(Date.Year([Date])), 2), type text)
            in
                AddPeriod
        otherwise null
    ),

    Cleaned = Table.SelectRows(TransformFiles, each [Data] <> null),
    Expanded = Table.ExpandTableColumn(Cleaned, "Data", Table.ColumnNames(Cleaned{0}[Data])),
    RemovedMeta = Table.RemoveColumns(Expanded, {"Name", "Extension", "Date accessed", "Date modified", "Date created", "Attributes", "Folder Path", "Content"}, MissingField.Ignore),

    FinalTypes = Table.TransformColumnTypes(RemovedMeta, {
        {"Group", type text},
        {"Employee", type text},
        {"Reason", type text},
        {"Status", type text},
        {"Date", type date},
        {"Shift", type text},
        {"Start_Time", type time},
        {"End_Time", type time},
        {"Hours", type number},
        {"Year", Int64.Type},
        {"Month", Int64.Type},
        {"Month_Name", type text},
        {"Month_Number", Int64.Type},
        {"Week_Of_Year", Int64.Type},
        {"Day_Name", type text},
        {"Day_Of_Week", Int64.Type},
        {"Day_Of_Year", Int64.Type},
        {"Period", type text}
    }),

    // NEW: Add Scheduled Hours
    AddScheduledHours = Table.AddColumn(FinalTypes, "Scheduled_Hours", each 
        try Duration.TotalHours([End_Time] - [Start_Time]) otherwise null, type number),

    // NEW: Add FTE Type
    AddFTECategory = Table.AddColumn(AddScheduledHours, "FTE_Type", each 
        if Text.Contains(Text.Upper([Group]), "TRAFFIC") then "8-Hour"
        else if [Scheduled_Hours] >= 11 then "12-Hour"
        else "Other", type text)

in
    AddFTECategory
‚úÖ Outputs Now Include:
Column	Purpose
Scheduled_Hours	Calculates work hours from shift time
FTE_Type	Classifies each row by work shift type ("12-Hour", "8-Hour", or "Other")
üí° What You Can Do Next:
1Ô∏è‚É£ Use FTE_Type in visuals (e.g. compare sick hours for 12-Hour vs. 8-Hour staff)
2Ô∏è‚É£ Normalize time off hours by scheduled hours
3Ô∏è‚É£ Filter Time_Accruals_Summary or other dashboards more dynamically
4Ô∏è‚É£ Add more role logic to FTE_Type if needed

üî• Ready to go! Want help updating your Time_Accruals_Summary to use these fields? Press:

1Ô∏è‚É£ Add FTE Hours to Summary

2Ô∏è‚É£ Pivot time off by FTE Type

3Ô∏è‚É£ Visualize hours missed vs. hours scheduled

4Ô∏è‚É£ Export to CSV/Excel with highlights

Click here to try a new GPT! You said:
do the other queries need updating? ChatGPT said:
Great question! Based on your updated Time_Off_Master query ‚Äî yes, other dependent queries should be reviewed and possibly updated to take advantage of the new columns and to ensure consistency with the new source logic. üîç Let‚Äôs break it down:
‚úÖ Queries to Check & Likely Update:
Query Name	Why It May Need Updating	Action Needed
Time_Off_Report_Month	Filters on current month using Month_Number, Year, etc. ‚Äî should now use Period or newly cleaned fields. Update filters to match new Time_Off_Master column structure
Time_Off_Current_Month	Same as above ‚Äî dependent on date fields and filters	Update logic to use Period, FTE_Type, etc. Time_Accruals_Summary	‚úÖ Needs to leverage new fields like Scheduled_Hours, FTE_Type if you're adding richer metrics	Add optional grouping by FTE_Type or normalize based on Scheduled_Hours
Any visuals or dashboards in Power BI	If they reference renamed or new columns, or join against outdated logic	Update references and relationships
üìå Suggestions on Updates:
üîÅ Filter Consistency
Ensure all filtering on date uses Period, Month_Name, or Date from Time_Off_Master. üìä New Metrics You Can Add:
Metric Idea	Formula	Notes
Hours_Missed_Per_FTE	Hours / Scheduled_Hours	Normalize time off
Is_Full_Shift_Missed	if Hours = Scheduled_Hours then 1 else 0	Helps understand full day outages
FTE_Type_Count	Count by FTE_Type	Slice summaries by role type
‚úÖ Do You Want Me To:
üîß Refactor Time_Accruals_Summary to include Scheduled_Hours & FTE_Type? üì¶ Update the logic in Time_Off_Current_Month or Time_Off_Report_Month? üìä Suggest visuals for the new normalized metrics? Press:

1Ô∏è‚É£ Update Time_Accruals_Summary with FTE logic

2Ô∏è‚É£ Refresh and fix Time_Off_Current_Month

3Ô∏è‚É£ Show example normalized summary output

4Ô∏è‚É£ Build new visuals from updated data

Click here to try a new GPT! You said:
yes to all 

üîß Refactor Time_Accruals_Summary to include Scheduled_Hours & FTE_Type? üì¶ Update the logic in Time_Off_Current_Month or Time_Off_Report_Month? üìä Suggest visuals for the new normalized metrics? ChatGPT said:
üî• Let‚Äôs fully upgrade your model for smarter, cleaner reporting! Here‚Äôs your end-to-end Power BI query and dashboard enhancement roadmap:

‚úÖ 1. üîß Refactored M Code: Time_Accruals_Summary (with Scheduled_Hours & FTE_Type)
This update introduces:

Grouping by Period and FTE_Type

Total time off hours

Normalized % of Scheduled_Hours missed

let
    OT = Overtime_Master,
    TO = #"Time_Off_Master",  // assumes updated master query

    // Add Period if not present (safety check)
    EnsurePeriod = if List.Contains(Table.ColumnNames(TO), "Period") then TO else Table.AddColumn(TO, "Period", each Text.PadStart(Text.From(Date.Month([Date])), 2, "0") & "-" & Text.End(Text.From(Date.Year([Date])), 2)),

    // Filter for relevant Time Off reasons
    FilteredTO = Table.SelectRows(EnsurePeriod, each 
        Text.Contains(Text.Upper([Reason]), "INJUR") or 
        Text.Contains(Text.Upper([Reason]), "IOD") or 
        Text.Upper([Reason]) = "MILITARY LEAVE" or
        Text.Upper([Reason]) = "SICK (DAYS)" or
        Text.Upper([Reason]) = "PEO SICK (HOURS)" or
        Text.Upper([Reason]) = "SLEO III SICK (HOURS)"
    ),

    // Group by Period + FTE_Type
    Grouped = Table.Group(FilteredTO, {"Period", "FTE_Type"}, {
        {"Total_Time_Off", each List.Sum([Hours]), type number},
        {"Total_Scheduled", each List.Sum([Scheduled_Hours]), type number}
    }),

    // Calculate % of Scheduled Time Off
    AddPct = Table.AddColumn(Grouped, "Percent_Off", each if [Total_Scheduled] > 0 then [Total_Time_Off] / [Total_Scheduled] else null, type number),

    // Format final output
    Final = Table.SelectColumns(AddPct, {"Period", "FTE_Type", "Total_Time_Off", "Total_Scheduled", "Percent_Off"})
in
    Final
‚úÖ 2. üì¶ Update Time_Off_Current_Month + Time_Off_Report_Month
üéØ Use the shared logic below to unify filters and structure:

let
    Source = #"Time_Off_Master",
    CurrentMonth = Date.Month(DateTime.LocalNow()),
    CurrentYear = Date.Year(DateTime.LocalNow()),

    Filtered = Table.SelectRows(Source, each 
        Date.Month([Date]) = CurrentMonth and 
        Date.Year([Date]) = CurrentYear
    )
in
    Filtered
üõ†Ô∏è Enhance further:

Add slicer-driven Period filter instead of fixed month

Reuse normalized columns like FTE_Type or Scheduled_Hours

‚úÖ 3. üìä Visualization Ideas (Executive View)
Visual Type	Data Source	Description
Stacked Column	Time_Accruals_Summary	Time Off % by FTE_Type and Period
KPI Cards	Time_Accruals_Summary	Total Time Off, % Missed, and Trends
Heatmap	By Day_Of_Week	Find patterns in days off
Slicer Panel	FTE_Type, Period, Reason	Allow slicing metrics dynamically
Funnel Chart	From Time_Off_Master	Track status of time-off entries (Pending, Approved, etc.) üß† Bonus Suggestion:
Create a Data Table for FTE_Shifts and JOIN based on Group, so you don't rely on assumptions in the code (like Traffic = 8 hours). üõ†Ô∏è What's Next? Choose:

1Ô∏è‚É£ Update your Power BI file with all refactored code

2Ô∏è‚É£ Build example visuals for you from summary

3Ô∏è‚É£ Export a dashboard-ready CSV with normalized metrics

4Ô∏è‚É£ Set up automatic refresh w/ new folder source

Click here to try a new GPT! You said:
Uploaded image
let
    OT = Overtime_Master,
    TO = #"Time_Off_Master",  // assumes updated master query

    // Add Period if not present (safety check)
    EnsurePeriod = if List.Contains(Table.ColumnNames(TO), "Period") then TO else Table.AddColumn(TO, "Period", each Text.PadStart(Text.From(Date.Month([Date])), 2, "0") & "-" & Text.End(Text.From(Date.Year([Date])), 2)),

    // Filter for relevant Time Off reasons
    FilteredTO = Table.SelectRows(EnsurePeriod, each 
        Text.Contains(Text.Upper([Reason]), "INJUR") or 
        Text.Contains(Text.Upper([Reason]), "IOD") or 
        Text.Upper([Reason]) = "MILITARY LEAVE" or
        Text.Upper([Reason]) = "SICK (DAYS)" or
        Text.Upper([Reason]) = "PEO SICK (HOURS)" or
        Text.Upper([Reason]) = "SLEO III SICK (HOURS)"
    ),

    // Group by Period + FTE_Type
    Grouped = Table.Group(FilteredTO, {"Period", "FTE_Type"}, {
        {"Total_Time_Off", each List.Sum([Hours]), type number},
        {"Total_Scheduled", each List.Sum([Scheduled_Hours]), type number}
    }),

    // Calculate % of Scheduled Time Off
    AddPct = Table.AddColumn(Grouped, "Percent_Off", each if [Total_Scheduled] > 0 then [Total_Time_Off] / [Total_Scheduled] else null, type number),

    // Format final output
    Final = Table.SelectColumns(AddPct, {"Period", "FTE_Type", "Total_Time_Off", "Total_Scheduled", "Percent_Off"})
in
    Final
ChatGPT said:
‚úÖ The Power Query M code is solid ‚Äî the error you're getting is a file lock issue:

Error:
‚ÄúThe process cannot access the file TIME_OFF_MASTER_V2.xlsm because it is being used by another process.‚Äù

üîß Fix it in seconds:
Close the Excel file
If it's open in Excel, Power BI can't access it. Just close the file completely (not just minimized). Check background apps
Make sure no other tool (like OneDrive sync, Excel preview pane, or another Power BI window) is keeping it open. Retry Refresh
Go back to Power BI ‚Üí Home > Refresh Preview üîÅ

‚úÖ Then your updated logic will execute just fine:
Column	Example
Period	"06-24"
FTE_Type	"Traffic" or "Patrol"
Total_Time_Off	192
Total_Scheduled	360
Percent_Off	0.5333
Would you like me to:

1Ô∏è‚É£ Export this as a CSV sample preview? 2Ô∏è‚É£ Generate visuals using this new summary? 3Ô∏è‚É£ Add this query to a dashboard-ready Excel workbook? 4Ô∏è‚É£ Show normalized time-off per FTE across months? Just hit the matching number üí°
Click here to try a new GPT! You said:
ok up date the codes for the time off report month and time Off Current Month so i can close the Time_Off_Master that has the queries in excel
ChatGPT said:
Absolutely! Let's ‚úÖ update both queries so they pull from the new Power BI Time_Off_Master instead of relying on the Excel .xlsm file. üß† Updated Logic (for both queries):
They‚Äôll now use the central Time_Off_Master query (already loaded and processed) as the data source.