Skip to content
You said:
provide a concise summary of the following log:
Microsoft Windows [Version 10.0.26200.5622]
(c) Microsoft Corporation. All rights reserved. C:\Users\carucci_r># Install core libraries
'#' is not recognized as an internal or external command,
operable program or batch file. C:\Users\carucci_r>pip install nltk pyinstaller
Requirement already satisfied: nltk in c:\users\carucci_r\appdata\local\anaconda3\lib\site-packages (3.9.1)
Collecting pyinstaller
  Downloading pyinstaller-6.14.1-py3-none-win_amd64.whl.metadata (8.3 kB)
Requirement already satisfied: click in c:\users\carucci_r\appdata\local\anaconda3\lib\site-packages (from nltk) (8.1.7)
Requirement already satisfied: joblib in c:\users\carucci_r\appdata\local\anaconda3\lib\site-packages (from nltk) (1.4.2)
Requirement already satisfied: regex>=2021.8.3 in c:\users\carucci_r\appdata\local\anaconda3\lib\site-packages (from nltk) (2024.9.11)
Requirement already satisfied: tqdm in c:\users\carucci_r\appdata\local\anaconda3\lib\site-packages (from nltk) (4.66.5)
Requirement already satisfied: setuptools>=42.0.0 in c:\users\carucci_r\appdata\local\anaconda3\lib\site-packages (from pyinstaller) (75.1.0)
Collecting altgraph (from pyinstaller)
  Downloading altgraph-0.17.4-py2.py3-none-any.whl.metadata (7.3 kB)
Collecting pefile!=2024.8.26,>=2022.5.30 (from pyinstaller)
  Downloading pefile-2023.2.7-py3-none-any.whl.metadata (1.4 kB)
Requirement already satisfied: pywin32-ctypes>=0.2.1 in c:\users\carucci_r\appdata\local\anaconda3\lib\site-packages (from pyinstaller) (0.2.2)
Collecting pyinstaller-hooks-contrib>=2025.4 (from pyinstaller)
  Downloading pyinstaller_hooks_contrib-2025.5-py3-none-any.whl.metadata (16 kB)
Requirement already satisfied: packaging>=22.0 in c:\users\carucci_r\appdata\local\anaconda3\lib\site-packages (from pyinstaller) (24.1)
Requirement already satisfied: colorama in c:\users\carucci_r\appdata\local\anaconda3\lib\site-packages (from click->nltk) (0.4.6)
Downloading pyinstaller-6.14.1-py3-none-win_amd64.whl (1.4 MB)
   ‚îÅ‚îÅ‚îÅ‚îÅ‚îÅ‚îÅ‚îÅ‚îÅ‚îÅ‚îÅ‚îÅ‚îÅ‚îÅ‚îÅ‚îÅ‚îÅ‚îÅ‚îÅ‚îÅ‚îÅ‚îÅ‚îÅ‚îÅ‚îÅ‚îÅ‚îÅ‚îÅ‚îÅ‚îÅ‚îÅ‚îÅ‚îÅ‚îÅ‚îÅ‚îÅ‚îÅ‚îÅ‚îÅ‚îÅ‚îÅ 1.4/1.4 MB 14.0 MB/s eta 0:00:00
Downloading pefile-2023.2.7-py3-none-any.whl (71 kB)
Downloading pyinstaller_hooks_contrib-2025.5-py3-none-any.whl (437 kB)
Downloading altgraph-0.17.4-py2.py3-none-any.whl (21 kB)
Installing collected packages: altgraph, pyinstaller-hooks-contrib, pefile, pyinstaller
Successfully installed altgraph-0.17.4 pefile-2023.2.7 pyinstaller-6.14.1 pyinstaller-hooks-contrib-2025.5

C:\Users\carucci_r>
C:\Users\carucci_r># Run this once to get punkt tokenizer
'#' is not recognized as an internal or external command,
operable program or batch file. C:\Users\carucci_r>python -c "import nltk; nltk.download('punkt')"
[nltk_data] Downloading package punkt to
[nltk_data]     C:\Users\carucci_r\AppData\Roaming\nltk_data...
[nltk_data]   Unzipping tokenizers\punkt.zip. C:\Users\carucci_r># Install libraries
'#' is not recognized as an internal or external command,
operable program or batch file. C:\Users\carucci_r>pip install nltk pyinstaller
Requirement already satisfied: nltk in c:\users\carucci_r\appdata\local\anaconda3\lib\site-packages (3.9.1)
Requirement already satisfied: pyinstaller in c:\users\carucci_r\appdata\local\anaconda3\lib\site-packages (6.14.1)
Requirement already satisfied: click in c:\users\carucci_r\appdata\local\anaconda3\lib\site-packages (from nltk) (8.1.7)
Requirement already satisfied: joblib in c:\users\carucci_r\appdata\local\anaconda3\lib\site-packages (from nltk) (1.4.2)
Requirement already satisfied: regex>=2021.8.3 in c:\users\carucci_r\appdata\local\anaconda3\lib\site-packages (from nltk) (2024.9.11)
Requirement already satisfied: tqdm in c:\users\carucci_r\appdata\local\anaconda3\lib\site-packages (from nltk) (4.66.5)
Requirement already satisfied: setuptools>=42.0.0 in c:\users\carucci_r\appdata\local\anaconda3\lib\site-packages (from pyinstaller) (75.1.0)
Requirement already satisfied: altgraph in c:\users\carucci_r\appdata\local\anaconda3\lib\site-packages (from pyinstaller) (0.17.4)
Requirement already satisfied: pefile!=2024.8.26,>=2022.5.30 in c:\users\carucci_r\appdata\local\anaconda3\lib\site-packages (from pyinstaller) (2023.2.7)
Requirement already satisfied: pywin32-ctypes>=0.2.1 in c:\users\carucci_r\appdata\local\anaconda3\lib\site-packages (from pyinstaller) (0.2.2)
Requirement already satisfied: pyinstaller-hooks-contrib>=2025.4 in c:\users\carucci_r\appdata\local\anaconda3\lib\site-packages (from pyinstaller) (2025.5)
Requirement already satisfied: packaging>=22.0 in c:\users\carucci_r\appdata\local\anaconda3\lib\site-packages (from pyinstaller) (24.1)
Requirement already satisfied: colorama in c:\users\carucci_r\appdata\local\anaconda3\lib\site-packages (from click->nltk) (0.4.6)

C:\Users\carucci_r>python -c "import nltk; nltk.download('punkt')"
[nltk_data] Downloading package punkt to
[nltk_data]     C:\Users\carucci_r\AppData\Roaming\nltk_data...
[nltk_data]   Package punkt is already up-to-date! C:\Users\carucci_r>mkdir output processed archive logs nltk_data

C:\Users\carucci_r>cd C:\Users\carucci_r\Documents\chunker

C:\Users\carucci_r\Documents\chunker>mkdir output processed logs
A subdirectory or file output already exists. Error occurred while processing: output. A subdirectory or file logs already exists. Error occurred while processing: logs. C:\Users\carucci_r\Documents\chunker># Test run (Ctrl+C to stop)
'#' is not recognized as an internal or external command,
operable program or batch file. C:\Users\carucci_r\Documents\chunker>python watcher_splitter.py
forrtl: error (200): program aborting due to control-C event
Image              PC                Routine            Line        Source
libifcoremd.dll    00007FF8DFEEDF54  Unknown               Unknown  Unknown
KERNELBASE.dll     00007FF94D68B06D  Unknown               Unknown  Unknown
KERNEL32.DLL       00007FF94ED7E8D7  Unknown               Unknown  Unknown
ntdll.dll          00007FF9500528DC  Unknown               Unknown  Unknown

C:\Users\carucci_r\Documents\chunker>type logs\watcher.log
2025-06-27 10:57:56 [INFO] Watching folder: C:\Users\carucci_r\Documents\chunker
2025-06-27 10:59:40 [INFO] Watching folder: C:\Users\carucci_r\Documents\chunker
2025-06-27 11:00:39 [INFO] Watching folder: C:\Users\carucci_r\Documents\chunker
2025-06-27 11:04:21 [INFO] Saved chunk: 2025_06_27_11_04_21_a_part_1.txt
2025-06-27 11:04:21 [INFO] Saved chunk: 2025_06_27_11_04_21_a_part_2.txt
2025-06-27 11:04:21 [INFO] Saved chunk: 2025_06_27_11_04_21_a_part_3.txt
2025-06-27 11:04:21 [INFO] Saved chunk: 2025_06_27_11_04_21_a_part_4.txt
2025-06-27 11:04:21 [INFO] Merged transcript saved as: full_conversation.txt
2025-06-27 11:04:21 [INFO] Created summary with metadata: summary.md
2025-06-27 11:04:21 [INFO] Exported to cloud folder: C:\Users\carucci_r\OneDrive - City of Hackensack\_Hackensack_Data_Repository\Ai_Chats\Cleaned\2025_06_27_11_04_21_a
2025-06-27 11:04:21 [INFO] Zipped exported folder: C:\Users\carucci_r\OneDrive - City of Hackensack\_Hackensack_Data_Repository\Ai_Chats\Cleaned\2025_06_27_11_04_21_a.zip
2025-06-27 12:38:48 [ERROR] Failed to archive original file: [WinError 2] The system cannot find the file specified
2025-06-27 12:38:49 [ERROR] Error reading 2025_06_26_18_24_28_a.txt: [Errno 2] No such file or directory: 'C:\\Users\\carucci_r\\Documents\\chunker\\2025_06_26_18_24_28_a.txt'
2025-06-27 12:38:50 [ERROR] Error reading 2025_06_25_20_11_19_chatgpt_cad_rns_code_01.txt: [Errno 2] No such file or directory: 'C:\\Users\\carucci_r\\Documents\\chunker\\2025_06_25_20_11_19_chatgpt_cad_rns_code_01.txt'
2025-06-27 12:38:51 [ERROR] Error reading 2025_06_25_20_11_19_chatgpt_cad_rns_code_01a.txt: [Errno 2] No such file or directory: 'C:\\Users\\carucci_r\\Documents\\chunker\\2025_06_25_20_11_19_chatgpt_cad_rns_code_01a.txt'
2025-06-27 12:38:52 [ERROR] Error reading 2025_06_25_20_11_19_chatgpt_cad_rns_code_01_x.txt: [Errno 2] No such file or directory: 'C:\\Users\\carucci_r\\Documents\\chunker\\2025_06_25_20_11_19_chatgpt_cad_rns_code_01_x.txt'
2025-06-27 12:38:53 [ERROR] Error reading 2025_06_26_18_24_28_x.txt: [Errno 2] No such file or directory: 'C:\\Users\\carucci_r\\Documents\\chunker\\2025_06_26_18_24_28_x.txt'
2025-06-27 12:38:53 [INFO] Debounced duplicate event for: 2025_06_26_18_24_28_x.txt
2025-06-27 12:38:53 [INFO] Debounced duplicate event for: 2025_06_26_18_24_28_x.txt
2025-06-27 12:39:53 [INFO] Saved chunk: 2025_06_27_12_39_53_Summons_MVA_part_1.txt
2025-06-27 12:39:53 [INFO] Saved chunk: 2025_06_27_12_39_53_Summons_MVA_part_2.txt
2025-06-27 12:39:53 [INFO] Saved chunk: 2025_06_27_12_39_53_Summons_MVA_part_3.txt
2025-06-27 12:39:53 [INFO] Saved chunk: 2025_06_27_12_39_53_Summons_MVA_part_4.txt
2025-06-27 12:39:53 [INFO] Saved chunk: 2025_06_27_12_39_53_Summons_MVA_part_5.txt
2025-06-27 12:39:53 [INFO] Saved chunk: 2025_06_27_12_39_53_Summons_MVA_part_6.txt
2025-06-27 12:39:53 [INFO] Saved chunk: 2025_06_27_12_39_53_Summons_MVA_part_7.txt
2025-06-27 12:39:53 [INFO] Saved chunk: 2025_06_27_12_39_53_Summons_MVA_part_8.txt
2025-06-27 12:39:53 [INFO] Saved chunk: 2025_06_27_12_39_53_Summons_MVA_part_9.txt
2025-06-27 12:39:53 [INFO] Merged transcript saved as: full_conversation.txt
2025-06-27 12:39:53 [INFO] Created summary with metadata: summary.md
2025-06-27 12:39:53 [INFO] Exported to cloud folder: C:\Users\carucci_r\OneDrive - City of Hackensack\_Hackensack_Data_Repository\Ai_Chats\Cleaned\2025_06_27_12_39_53_Summons_MVA
2025-06-27 12:39:53 [INFO] Zipped exported folder: C:\Users\carucci_r\OneDrive - City of Hackensack\_Hackensack_Data_Repository\Ai_Chats\Cleaned\2025_06_27_12_39_53_Summons_MVA.zip
2025-06-27 12:40:04 [INFO] Archived original file to: 2025_06_27_12_39_53_Prompt_Builder_Python_Power_Query_Project_Summons_MVA.txt
2025-06-27 21:21:56,757 [INFO] Directory ready: C:/Users/carucci_r/Documents/chunker
2025-06-27 21:21:56,758 [INFO] Directory ready: output
2025-06-27 21:21:56,758 [INFO] Directory ready: processed
2025-06-27 21:21:56,758 [INFO] Directory ready: logs
2025-06-27 21:21:56,758 [INFO] \U0001f680 Chat Log Chunker Started
2025-06-27 21:21:56,759 [INFO] \U0001f440 Watching: C:/Users/carucci_r/Documents/chunker
2025-06-27 21:21:56,759 [INFO] \U0001f4e4 Output: output
2025-06-27 21:21:56,759 [INFO] \U0001f4c1 Archive: processed
2025-06-27 21:21:56,759 [INFO] \u23f1\ufe0f Polling every 5 seconds
ChatGPT said:
Concise Summary of the Log:
Environment Setup:

Attempted to use # for comments in CMD (resulted in errors). Successfully installed and verified Python packages: nltk and pyinstaller. Downloaded NLTK's punkt tokenizer successfully. Directory Preparation:

Created necessary folders (output, processed, archive, logs, nltk_data). Encountered errors when trying to recreate already existing folders (output, logs). Script Execution:

Ran watcher_splitter.py; execution was manually stopped (Ctrl+C), triggering a runtime error. Watcher Activity (Log Output):

Successfully monitored the chunker directory and processed multiple files:

Saved several chunked .txt files. Created summary.md and full_conversation.txt. Exported and zipped to OneDrive locations. Encountered multiple file-not-found errors during archiving attempts. Later processed another file set (Summons_MVA), successfully chunking, summarizing, exporting, and archiving. Final State:

Directories were confirmed ready. Watcher started and is polling every 5 seconds. Overall, the system is set up correctly, functioning as intended, and handling text processing with some expected file availability errors. You said:
provide a summary of this for debugging and development

Microsoft Windows [Version 10.0.26200.5622]
(c) Microsoft Corporation. All rights reserved. C:\Users\carucci_r>cd C:\Users\carucci_r\Documents\chunker

C:\Users\carucci_r\Documents\chunker>echo This is a working test. Here is another sentence. The chunker should process this immediately. > working_test.txt

C:\Users\carucci_r\Documents\chunker>dir output\*working_test*
 Volume in drive C is OS
 Volume Serial Number is A263-CE95

 Directory of C:\Users\carucci_r\Documents\chunker\output

06/27/25  21:49               165 2025_06_27_21_49_01_working_test_chunk1.txt
               1 File(s)            165 bytes
               0 Dir(s)  509,934,854,144 bytes free

C:\Users\carucci_r\Documents\chunker>dir processed\*working_test*
 Volume in drive C is OS
 Volume Serial Number is A263-CE95

 Directory of C:\Users\carucci_r\Documents\chunker\processed

06/27/25  21:48                97 working_test.txt
               1 File(s)             97 bytes
               0 Dir(s)  509,930,049,536 bytes free

C:\Users\carucci_r\Documents\chunker>dir working_test.txt
 Volume in drive C is OS
 Volume Serial Number is A263-CE95

 Directory of C:\Users\carucci_r\Documents\chunker

File Not Found

C:\Users\carucci_r\Documents\chunker>powershell "Get-Content logs\watcher.log -Tail 5"
2025-06-27 21:49:55,682 [WARNING] File working_test.txt not found, waiting...
2025-06-27 21:49:57,683 [WARNING] File working_test.txt not found, waiting...
2025-06-27 21:49:59,683 [WARNING] File working_test.txt did not stabilize after 30 seconds
2025-06-27 21:49:59,683 [ERROR] File working_test.txt did not stabilize - skipping
2025-06-27 21:49:59,683 [WARNING] \u26a0\ufe0f Processing completed with issues: working_test.txt

C:\Users\carucci_r\Documents\chunker>type output\2025_06_27_21_49_01_working_test_chunk1.txt
# CHUNK 1 of 1 - working_test.txt
# Generated: 2025-06-27 21:49:01

This is a working test. Here is another sentence. The chunker should process this immediately. C:\Users\carucci_r\Documents\chunker>dir "C:\Users\carucci_r\OneDrive - City of Hackensack\_Hackensack_Data_Repository\Ai_Chats\Cleaned" | findstr "working_test"
06/27/25  21:50    <DIR>          2025_06_27_21_49_01_working_test_TRANSCRIPT

C:\Users\carucci_r\Documents\chunker>powershell "Get-Content logs\watcher.log -Tail 15"
2025-06-27 21:58:28,027 [WARNING] File 2025_06_25_20_11_19_chatgpt_cad_rns_code_01a.txt not found, waiting...
2025-06-27 21:58:30,028 [WARNING] File 2025_06_25_20_11_19_chatgpt_cad_rns_code_01a.txt not found, waiting...
2025-06-27 21:58:32,029 [WARNING] File 2025_06_25_20_11_19_chatgpt_cad_rns_code_01a.txt not found, waiting...
2025-06-27 21:58:34,030 [WARNING] File 2025_06_25_20_11_19_chatgpt_cad_rns_code_01a.txt not found, waiting...
2025-06-27 21:58:36,031 [WARNING] File 2025_06_25_20_11_19_chatgpt_cad_rns_code_01a.txt not found, waiting...
2025-06-27 21:58:38,032 [WARNING] File 2025_06_25_20_11_19_chatgpt_cad_rns_code_01a.txt not found, waiting...
2025-06-27 21:58:40,033 [WARNING] File 2025_06_25_20_11_19_chatgpt_cad_rns_code_01a.txt not found, waiting...
2025-06-27 21:58:42,034 [WARNING] File 2025_06_25_20_11_19_chatgpt_cad_rns_code_01a.txt not found, waiting...
2025-06-27 21:58:44,035 [WARNING] File 2025_06_25_20_11_19_chatgpt_cad_rns_code_01a.txt not found, waiting...
2025-06-27 21:58:46,036 [WARNING] File 2025_06_25_20_11_19_chatgpt_cad_rns_code_01a.txt not found, waiting...
2025-06-27 21:58:48,043 [WARNING] File 2025_06_25_20_11_19_chatgpt_cad_rns_code_01a.txt not found, waiting...
2025-06-27 21:58:50,044 [WARNING] File 2025_06_25_20_11_19_chatgpt_cad_rns_code_01a.txt not found, waiting...
2025-06-27 21:58:52,045 [WARNING] File 2025_06_25_20_11_19_chatgpt_cad_rns_code_01a.txt did not stabilize after 30 seconds
2025-06-27 21:58:52,045 [ERROR] File 2025_06_25_20_11_19_chatgpt_cad_rns_code_01a.txt did not stabilize - skipping
2025-06-27 21:58:52,045 [WARNING] \u26a0\ufe0f Processing completed with issues: 2025_06_25_20_11_19_chatgpt_cad_rns_code_01a.txt

C:\Users\carucci_r\Documents\chunker>dir output /o:d
 Volume in drive C is OS
 Volume Serial Number is A263-CE95

 Directory of C:\Users\carucci_r\Documents\chunker\output

06/27/25  12:39            45,141 2025_06_27_12_39_53_Summons_MVA_part_1.txt
06/27/25  12:39            34,793 2025_06_27_12_39_53_Summons_MVA_part_2.txt
06/27/25  12:39            36,158 2025_06_27_12_39_53_Summons_MVA_part_3.txt
06/27/25  12:39            45,141 2025_06_27_12_39_53_Prompt_Builder_Python_Power_Query_Project_Summons_MVA_part_1.txt
06/27/25  12:39            36,526 2025_06_27_12_39_53_Summons_MVA_part_4.txt
06/27/25  12:39            34,793 2025_06_27_12_39_53_Prompt_Builder_Python_Power_Query_Project_Summons_MVA_part_2.txt
06/27/25  12:39            33,448 2025_06_27_12_39_53_Summons_MVA_part_5.txt
06/27/25  12:39            31,491 2025_06_27_12_39_53_Summons_MVA_part_6.txt
06/27/25  12:39            36,158 2025_06_27_12_39_53_Prompt_Builder_Python_Power_Query_Project_Summons_MVA_part_3.txt
06/27/25  12:39            34,792 2025_06_27_12_39_53_Summons_MVA_part_7.txt
06/27/25  12:39            36,526 2025_06_27_12_39_53_Prompt_Builder_Python_Power_Query_Project_Summons_MVA_part_4.txt
06/27/25  12:39            33,554 2025_06_27_12_39_53_Summons_MVA_part_8.txt
06/27/25  12:39             6,033 2025_06_27_12_39_53_Summons_MVA_part_9.txt
06/27/25  12:39            33,448 2025_06_27_12_39_53_Prompt_Builder_Python_Power_Query_Project_Summons_MVA_part_5.txt
06/27/25  12:39            31,491 2025_06_27_12_39_53_Prompt_Builder_Python_Power_Query_Project_Summons_MVA_part_6.txt
06/27/25  12:39            34,792 2025_06_27_12_39_53_Prompt_Builder_Python_Power_Query_Project_Summons_MVA_part_7.txt
06/27/25  12:39            33,554 2025_06_27_12_39_53_Prompt_Builder_Python_Power_Query_Project_Summons_MVA_part_8.txt
06/27/25  12:39             6,033 2025_06_27_12_39_53_Prompt_Builder_Python_Power_Query_Project_Summons_MVA_part_9.txt
06/27/25  12:39           291,936 full_conversation.txt
06/27/25  12:39               116 summary.md
06/27/25  12:39           291,936 2025_06_27_12_39_53_Prompt_Builder_Python_Power_Query_Project_Summons_MVA_full_conversation.txt
06/27/25  21:49               165 2025_06_27_21_49_01_working_test_chunk1.txt
06/27/25  21:55                 0 2025_06_27_21_55_26_2025_06_27_17_08_32_policy_train_01_chunk1.txt
06/27/25  21:55                 0 2025_06_27_21_55_26_2025_06_27_17_08_32_policy_train_01_chunk2.txt
06/27/25  21:55                 0 2025_06_27_21_55_26_2025_06_27_17_08_32_policy_train_01_chunk3.txt
06/27/25  21:55                 0 2025_06_27_21_55_26_2025_06_27_17_08_32_policy_train_01_chunk4.txt
06/27/25  21:55                 0 2025_06_27_21_55_26_2025_06_27_17_08_32_policy_train_01_chunk5.txt
06/27/25  21:55                 0 2025_06_27_21_55_26_2025_06_27_17_08_32_policy_train_01_chunk6.txt
06/27/25  21:55                 0 2025_06_27_21_55_26_2025_06_27_17_08_32_policy_train_01_chunk7.txt
06/27/25  21:55                 0 2025_06_27_21_55_26_2025_06_27_17_08_32_policy_train_01_chunk8.txt
06/27/25  21:55                 0 2025_06_27_21_55_26_2025_06_27_17_08_32_policy_train_01_chunk9.txt
06/27/25  21:55                 0 2025_06_27_21_55_26_2025_06_27_17_08_32_policy_train_01_chunk10.txt
06/27/25  21:55                 0 2025_06_27_21_55_26_2025_06_27_17_08_32_policy_train_01_chunk11.txt
06/27/25  21:57            22,716 2025_06_27_21_57_53_2025_06_25_20_11_19_chatgpt_cad_rns_code_01a_chunk1.txt
06/27/25  21:57            34,351 2025_06_27_21_57_53_2025_06_25_20_11_19_chatgpt_cad_rns_code_01a_chunk2.txt
06/27/25  21:57            60,245 2025_06_27_21_57_53_2025_06_25_20_11_19_chatgpt_cad_rns_code_01a_chunk3.txt
06/27/25  21:57            30,922 2025_06_27_21_57_53_2025_06_25_20_11_19_chatgpt_cad_rns_code_01a_chunk4.txt
06/27/25  21:57            28,915 2025_06_27_21_57_53_2025_06_25_20_11_19_chatgpt_cad_rns_code_01a_chunk5.txt
06/27/25  21:57            26,061 2025_06_27_21_57_53_2025_06_25_20_11_19_chatgpt_cad_rns_code_01a_chunk6.txt
06/27/25  21:57            39,155 2025_06_27_21_57_53_2025_06_25_20_11_19_chatgpt_cad_rns_code_01a_chunk7.txt
06/27/25  21:57            35,147 2025_06_27_21_57_53_2025_06_25_20_11_19_chatgpt_cad_rns_code_01a_chunk8.txt
06/27/25  21:57            40,129 2025_06_27_21_57_53_2025_06_25_20_11_19_chatgpt_cad_rns_code_01a_chunk9.txt
06/27/25  21:57            26,268 2025_06_27_21_57_53_2025_06_25_20_11_19_chatgpt_cad_rns_code_01a_chunk10.txt
06/27/25  21:57            38,514 2025_06_27_21_57_53_2025_06_25_20_11_19_chatgpt_cad_rns_code_01a_chunk11.txt
06/27/25  21:57            38,635 2025_06_27_21_57_53_2025_06_25_20_11_19_chatgpt_cad_rns_code_01a_chunk12.txt
06/27/25  21:57            23,796 2025_06_27_21_57_53_2025_06_25_20_11_19_chatgpt_cad_rns_code_01a_chunk13.txt
06/27/25  21:57            43,468 2025_06_27_21_57_53_2025_06_25_20_11_19_chatgpt_cad_rns_code_01a_chunk14.txt
06/27/25  21:57    <DIR>          . 06/27/25  21:57            31,628 2025_06_27_21_57_53_2025_06_25_20_11_19_chatgpt_cad_rns_code_01a_chunk15.txt
06/27/25  21:57    <DIR>          ..
              48 File(s)      1,687,975 bytes
               2 Dir(s)  509,600,153,600 bytes free

C:\Users\carucci_r\Documents\chunker>dir output\*chunk* | findstr /i "2025_06_27"
06/27/25  21:49               165 2025_06_27_21_49_01_working_test_chunk1.txt
06/27/25  21:55                 0 2025_06_27_21_55_26_2025_06_27_17_08_32_policy_train_01_chunk1.txt
06/27/25  21:55                 0 2025_06_27_21_55_26_2025_06_27_17_08_32_policy_train_01_chunk10.txt
06/27/25  21:55                 0 2025_06_27_21_55_26_2025_06_27_17_08_32_policy_train_01_chunk11.txt
06/27/25  21:55                 0 2025_06_27_21_55_26_2025_06_27_17_08_32_policy_train_01_chunk2.txt
06/27/25  21:55                 0 2025_06_27_21_55_26_2025_06_27_17_08_32_policy_train_01_chunk3.txt
06/27/25  21:55                 0 2025_06_27_21_55_26_2025_06_27_17_08_32_policy_train_01_chunk4.txt
06/27/25  21:55                 0 2025_06_27_21_55_26_2025_06_27_17_08_32_policy_train_01_chunk5.txt
06/27/25  21:55                 0 2025_06_27_21_55_26_2025_06_27_17_08_32_policy_train_01_chunk6.txt
06/27/25  21:55                 0 2025_06_27_21_55_26_2025_06_27_17_08_32_policy_train_01_chunk7.txt
06/27/25  21:55                 0 2025_06_27_21_55_26_2025_06_27_17_08_32_policy_train_01_chunk8.txt
06/27/25  21:55                 0 2025_06_27_21_55_26_2025_06_27_17_08_32_policy_train_01_chunk9.txt
06/27/25  21:57            22,716 2025_06_27_21_57_53_2025_06_25_20_11_19_chatgpt_cad_rns_code_01a_chunk1.txt
06/27/25  21:57            26,268 2025_06_27_21_57_53_2025_06_25_20_11_19_chatgpt_cad_rns_code_01a_chunk10.txt
06/27/25  21:57            38,514 2025_06_27_21_57_53_2025_06_25_20_11_19_chatgpt_cad_rns_code_01a_chunk11.txt
06/27/25  21:57            38,635 2025_06_27_21_57_53_2025_06_25_20_11_19_chatgpt_cad_rns_code_01a_chunk12.txt
06/27/25  21:57            23,796 2025_06_27_21_57_53_2025_06_25_20_11_19_chatgpt_cad_rns_code_01a_chunk13.txt
06/27/25  21:57            43,468 2025_06_27_21_57_53_2025_06_25_20_11_19_chatgpt_cad_rns_code_01a_chunk14.txt
06/27/25  21:57            31,628 2025_06_27_21_57_53_2025_06_25_20_11_19_chatgpt_cad_rns_code_01a_chunk15.txt
06/27/25  21:57            34,351 2025_06_27_21_57_53_2025_06_25_20_11_19_chatgpt_cad_rns_code_01a_chunk2.txt
06/27/25  21:57            60,245 2025_06_27_21_57_53_2025_06_25_20_11_19_chatgpt_cad_rns_code_01a_chunk3.txt
06/27/25  21:57            30,922 2025_06_27_21_57_53_2025_06_25_20_11_19_chatgpt_cad_rns_code_01a_chunk4.txt
06/27/25  21:57            28,915 2025_06_27_21_57_53_2025_06_25_20_11_19_chatgpt_cad_rns_code_01a_chunk5.txt
06/27/25  21:57            26,061 2025_06_27_21_57_53_2025_06_25_20_11_19_chatgpt_cad_rns_code_01a_chunk6.txt
06/27/25  21:57            39,155 2025_06_27_21_57_53_2025_06_25_20_11_19_chatgpt_cad_rns_code_01a_chunk7.txt
06/27/25  21:57            35,147 2025_06_27_21_57_53_2025_06_25_20_11_19_chatgpt_cad_rns_code_01a_chunk8.txt
06/27/25  21:57            40,129 2025_06_27_21_57_53_2025_06_25_20_11_19_chatgpt_cad_rns_code_01a_chunk9.txt
ChatGPT said:
Summary for Debugging and Development
This log segment documents a test run of the chunker system, with both successful and problematic behavior that can inform debugging and improvements. ‚úÖ What Worked (Expected Behavior)
Trigger File Created:
working_test.txt was created via echo ... > working_test.txt. Chunker Output Verified:

Output file 2025_06_27_21_49_01_working_test_chunk1.txt was generated correctly. A corresponding archive directory was created in OneDrive under *_TRANSCRIPT. working_test.txt was archived to processed as expected. Content Output:

The content inside the chunk file matches the input message, confirming that parsing and chunking logic executed correctly. ‚ö†Ô∏è Issues Detected
File Stabilization Warnings and Errors:

Despite successful processing, logs show:

[WARNING] File working_test.txt did not stabilize after 30 seconds
[ERROR] File working_test.txt did not stabilize - skipping
Likely false negatives due to the watcher:

Misjudging small or rapidly written files as unstable. File already processed and deleted/moved when final check occurs. Zero-byte Chunk Files:

Multiple chunk*.txt files (e.g., from policy_train_01) were created with 0 bytes. Possible causes:

Input file was empty or improperly read. Chunking logic created placeholders but failed to fill them. Missing File Warnings:

Repeated warnings and eventual skip for:

2025_06_25_20_11_19_chatgpt_cad_rns_code_01a.txt
Suggests file was referenced but not available or deleted during processing. üõ†Ô∏è Recommendations for Development
Improve File Stabilization Heuristics:

Check file size at shorter intervals and use a threshold. For small files, reduce stabilization delay or treat short writes as complete. Add Robust Error Handling for Empty Chunks:

Log more specific reasons when chunk content is missing. Possibly retry or flag zero-byte outputs for review. Log File Movement Order Clearly:

Track when a file is moved to processed or deleted before error logs flag it as "not found". Enhance Log Clarity for Developers:

Add [INFO] File processing started and [INFO] File archived markers for full traceability. Consider summary stats at intervals: files processed, skipped, errored. Watch for Duplicate Chunking:

Ensure that reprocessing or duplicate chunk creation (seen with _01a) is intentional and not caused by rapid retriggers or directory scan overlap. Let me know if you'd like help modifying the watcher script to address any of these issues. You said:
technical summary of the following:
Microsoft Windows [Version 10.0.26200.5622]
(c) Microsoft Corporation. All rights reserved.