I just don't know how I could make a copy of this for you to see. ChatGPT said:
That‚Äôs a great observation ‚Äî and there are a couple of easy ways you can get me what I need to help you accurately match the column (field) names from your hosted "Calls for Service" feature layer. ‚úÖ Option 1: Export Field List from ArcGIS Pro (Recommended)
If you've already added the layer into ArcGIS Pro:

Open the attribute table. Click the ‚ÄúFields‚Äù view (top ribbon, under the Data tab). Click Export > Export to CSV or take a screenshot of the field name column. Upload that CSV or screenshot here. ‚úÖ Option 2: Get Fields from the REST Service (Fastest)
Since your layer is hosted at:

https://services1.arcgis.com/JYl0Hy0wQdiiV0qh/arcgis/rest/services/CallsForService_dashboards_2153d1ef33a0414291a8eb54b938507b/FeatureServer/0
Visit that URL in your browser. Scroll to the bottom where it says "Fields:"

Copy just the field names section (or take a screenshot). Paste/upload here. üõ† What I‚Äôll Do with It:
Once you share the actual field names, I‚Äôll:

Update your Python script to use the exact names

Ensure all definition queries are correct

Help you validate each filter and export step is now functioning

Let me know which option you prefer, and I‚Äôll guide you through it if needed. Provide Feedback | View Changes | Contribute. You said:
Uploaded image
Uploaded image
Uploaded image
ChatGPT said:
Thank you for providing the full field schema for the Calls For Service hosted feature layer. This clears up the confusion regarding why your definition queries aren't working and why the layers are returning blank attribute tables. üîç Root Issue
Your definition queries in the script and tool reference field names like "Call Date", "Disposition", and "Call Type" ‚Äî but those are aliases, not actual field names. ArcGIS queries must use the field name, not the alias. ‚úÖ Correct Field Names (based on your screenshots)
Alias	Correct Field Name
Call Date	calldate
Disposition	disposition
Call Type	calltype
‚úÖ Revised SQL-style Query Example:
Here's a correct version of the YTD query using the right field names:

calldate >= date '2024-12-31' AND disposition LIKE '%report%' AND (
    calltype LIKE '%Vehicle Theft%' OR 
    calltype LIKE '%Commercial%' OR 
    calltype LIKE '%Residence%' OR 
    calltype LIKE '%Robbery%' OR 
    calltype LIKE '%Sexual%' OR 
    calltype LIKE '%Auto%'
)
‚úÖ What to Do Now:
Update all queries in your script to use:

calldate instead of "Call Date"

disposition instead of "Disposition"

calltype instead of "Call Type"

Clear any broken or incorrect definition queries from your layers in the ArcGIS Pro project. Re-run the script ‚Äî you should now see data populating the attribute tables and layers. Would you like me to regenerate the full corrected script for you using the valid field names? Provide Feedback | View Changes | Contribute. You said:
yes
ChatGPT said:
Here is the fully corrected Python script using the proper field names (calldate, disposition, calltype) based on the actual schema from your Calls For Service hosted layer:

‚úÖ Corrected Script ‚Äì weekly_crime_report.py
import arcpy
import pandas as pd
from datetime import datetime
import os

# Set paths
csv_path = r"C:\Users\carucci_r\OneDrive - City of Hackensack\_Hackensack_Data_Repository\Refrence\TimeSCRPT\DateRelated\7Day_28Day_Cycle_20250414.csv"
export_folder = r"C:\Users\carucci_r\OneDrive - City of Hackensack\_25_SCRPA\TIME_Based\Reports"
project = arcpy.mp.ArcGISProject("CURRENT")
map_obj = project.listMaps()[0]  # Assumes one map in project

# Load the CSV file
cycle_df = pd.read_csv(csv_path)

# Validate cycle
if not any(cycle_df['Is_Due'] == True):
    raise ValueError("No active 'Is_Due = True' row in cycle CSV.") current_cycle = cycle_df[cycle_df['Is_Due'] == True].iloc[0]

# Extract dates
seven_day_start = pd.to_datetime(current_cycle['7_Day_Start']).strftime('%Y-%m-%d')
seven_day_end = pd.to_datetime(current_cycle['7_Day_End']).strftime('%Y-%m-%d')
twenty_eight_day_start = pd.to_datetime(current_cycle['28_Day_Start']).strftime('%Y-%m-%d')
twenty_eight_day_end = pd.to_datetime(current_cycle['28_Day_End']).strftime('%Y-%m-%d')

# SQL-safe filters
incident_keywords = ['Vehicle Theft', 'Commercial', 'Residence', 'Robbery', 'Sexual', 'Auto']
calltype_filter = "(" + " OR ".join([f"calltype LIKE '%{kw}%'" for kw in incident_keywords]) + ")"
disposition_filter = "disposition LIKE '%report%'"

query_7_day = f"calldate >= date '{seven_day_start}' AND calldate <= date '{seven_day_end}' AND {disposition_filter} AND {calltype_filter}"
query_28_day = f"calldate >= date '{twenty_eight_day_start}' AND calldate <= date '{twenty_eight_day_end}' AND {disposition_filter} AND {calltype_filter}"
query_ytd = f"calldate >= date '2024-12-31' AND {disposition_filter} AND {calltype_filter}"

# Layer query mapping
layer_query_mapping = {
    "Burglary - Auto 7-Day": query_7_day,
    "Burglary - Auto 28-Day": query_28_day,
    "Burglary - Auto YTD": query_ytd,
    "Burglary - Comm & Res 7-Day": query_7_day,
    "Burglary - Comm & Res 28-Day": query_28_day,
    "Burglary - Comm & Res YTD": query_ytd,
    "Robbery 7-Day": query_7_day,
    "Robbery 28-Day": query_28_day,
    "Robbery YTD": query_ytd,
    "Sexual Offenses 7-Day": query_7_day,
    "Sexual Offenses 28-Day": query_28_day,
    "Sexual Offenses YTD": query_ytd,
    "MV Theft 7-Day": query_7_day,
    "MV Theft 28-Day": query_28_day,
    "MV Theft YTD": query_ytd,
}

# Apply queries and symbology
for layer_name, query in layer_query_mapping.items():
    lyr = map_obj.listLayers(layer_name)[0]
    lyr.definitionQuery = query
    try:
        sym = lyr.symbology
        lyr.symbology = sym
    except Exception as e:
        arcpy.AddMessage(f"Symbology skipped for '{layer_name}': {e}")

# Export
crime_types = ["Burglary - Auto", "Burglary - Comm & Res", "Robbery", "Sexual Offenses", "MV Theft"]
report_due_date = pd.to_datetime(current_cycle['Report_Due_Date']).strftime('%Y%m%d')
layout = project.listLayouts()[0]

for crime in crime_types:
    visible_layers = []
    for lyr in map_obj.listLayers():
        lyr.visible = crime in lyr.name
        if lyr.visible:
            visible_layers.append(lyr)

    # Zoom
    extent = None
    for lyr in visible_layers:
        if hasattr(lyr, "getExtent"):
            try:
                lyr_extent = lyr.getExtent()
                extent = lyr_extent if extent is None else extent.union(lyr_extent)
            except:
                continue

    if extent:
        map_obj.defaultCamera.setExtent(extent)
    else:
        arcpy.AddMessage(f"No visible extent for '{crime}'. Zoom skipped.") # Export to PDF
    output_pdf = os.path.join(export_folder, f"{crime.replace(' ', '_')}_{report_due_date}.pdf")
    layout.exportToPDF(output_pdf)

print("Report automation complete.") üß™ Next Step:
Replace your script with this version. Save. Run your CrimeAutomationTools > WeeklyCrimeReport again. Review the map outputs in your export folder. Let me know if you'd like help customizing the layer symbology or layout templates next. Provide Feedback | View Changes | Contribute. You said:
Uploaded image
Uploaded image
Uploaded image
MV_Theft_20250506.pdf
PDF
C04W14_2025_04_08_TIME_SCRPA.aprx
File
We are almost there. The script worked. The following was observed:

The heatmap in the project map do not look correct. They are semitransparent circles in a sold dull purple. I also don't see the YTD heatmap. The layout export is incomplete. namely the base maps and feature layer for the city boundries gets unchecked by the script so it does not show in the layout. also the legend does not populate. I want it simular to what is attached. I attached the ArcGIS Pro project from a few weeks ago. can you obtain the layout formats that I used so we can add them to the templet? ChatGPT said:
Great progress! You're right that we‚Äôre very close. Based on your notes and the files:

üîç Summary of What‚Äôs Working:
‚úÖ The Python script runs and generates output. ‚úÖ Connection to the Portal was re-established. ‚úÖ Hosted feature layer data is up-to-date and visible in attribute tables. ‚úÖ The script creates and exports the PDF layout. üõ†Ô∏è Outstanding Issues & Solutions:
1. Heatmaps appear as flat purple circles
Cause: These layers are symbolized as proportional symbols or basic circle fills instead of true heatmaps. Fix:

Open the April 8 .aprx file (C04W14_2025_04_08_TIME_SCRPA.aprx). Go to the map view. Right-click each "YTD" layer (like "MV Theft YTD"), click Symbology, and note:

The method (e.g., Heat Map)

The field used (e.g., OBJECTID)

Any color ramp or transparency settings

Then, open your template project and manually apply the same symbology or import symbology from layer file (.lyrx) using:

Right-click layer > Symbology > Import

2. YTD heatmap not displaying in layout
Cause: The script may not be including those layers when turning visibility on or zooming due to grouping or naming logic. Fix:

Modify the script logic to loop through sublayers inside group layers, and not only top-level layers. Ensure "YTD" layers are made visible and included in the extent calculation. 3. Basemaps and City Boundaries are getting unchecked
Cause: The script turns off all layers not matching crime in lyr.name. Fix (Code):
Update your script‚Äôs visibility logic to explicitly retain visibility of:

always_on_layers = ["City Boundries", "Human Geography Dark Label", "Human Geography Dark Detail", "Human Geography Dark Base"]
Then, set:

for lyr in map_obj.listLayers():
    if lyr.name in always_on_layers:
        lyr.visible = True
    elif crime in lyr.name:
        lyr.visible = True
    else:
        lyr.visible = False
4. Legend not populating in layout
Cause: The legend is likely tied to specific visible layers at layout design time. If the layers are hidden or missing, the legend stays blank. Fix:

In the layout view, select the Legend frame. In its properties, ensure it is:

Set to "Only show visible layers"

Tied to the correct map frame

Add a Legend item dynamically using:

legend = layout.listElements("LEGEND_ELEMENT")[0]
legend.autoAdd = True
‚úÖ Action Plan:
Fix symbology manually or export .lyrx and load in script. Update script to preserve basemap visibility and include group layers. Ensure legend and layout frame are correctly tied to visible map layers. Copy layout objects from April 8 project to the template:

You can open both projects side-by-side in ArcGIS Pro. Copy the layout from the older project and paste into the new one. Would you like me to generate updated Python code that includes the layer visibility fixes and extent handling for group layers? Provide Feedback | View Changes | Contribute. You said:
Uploaded image
Heat Map
Dark Blue Cyan
50% Transarency

I am not sure what you mean by field used? Do you mean what determins the heat maps color and size? if so then it is the cout of incidents
ChatGPT said:
Thanks for the screenshot ‚Äî it confirms the symbology details beautifully. Yes, you're absolutely right in your understanding. Let me clarify:

üîç What ‚ÄúField Used‚Äù Means in Heat Map Symbology
In ArcGIS Pro, Heat Map symbology doesn‚Äôt require a specific field to determine density unless you choose to weight features. In your current settings:

Weight field is set to <None>, which means each feature counts equally (a single unit per point). So, the "count of incidents" is simply based on how many features are located nearby ‚Äî the more stacked together, the ‚Äúhotter‚Äù the spot. If you later decide to reflect actual incident counts per location (e.g., via a field like incident_count), you'd choose that in the Weight field dropdown. ‚úÖ Summary of Your Heat Map Configuration:
Symbology: Heat Map

Weight field: <None> (equal weight per feature)

Color Scheme: Dark Blue ‚Üí Cyan (good contrast on dark basemap)

Radius: 25 (adjusts how far each point influences the heat)

Transparency: 50%

Rendering Quality: High (toward ‚ÄúBest‚Äù)

‚úÖ This setup is solid for visualizing clusters of individual service calls. Would you like help exporting this symbology to .lyrx files for each layer so the script can apply it consistently? Provide Feedback | View Changes | Contribute. You said:
Uploaded image
this is what is available in the dropdown. I would like to set the weight to the number of incidents, but I don't see that option. ChatGPT said:
Thanks for the snapshot. You're right ‚Äî based on your dropdown, there's no field currently storing a count of incidents, which is why you can‚Äôt assign one to the Weight field for your heat maps. üîß What‚Äôs Happening:
ArcGIS Pro's Heat Map symbology requires a numeric field if you want to weight points (i.e., make some features more "influential"). Since your Calls for Service layer contains one record per incident, there's no "incident count" field yet ‚Äî each point represents a single event. ‚úÖ Solution: Add an "IncidentCount" Field with Static Value 1
If you want to treat each point as one incident but still explicitly set the weight, here's what to do:

Step-by-Step:
Open the attribute table for the feature layer (e.g., "Burglary - Comm & Res 7-Day"). Start an editing session (if required). Use Calculate Field to create a new field:

Field Name: incident_count

Type: Short Integer

Expression: 1

Save edits. Go back to Symbology and choose incident_count in the Weight field dropdown. This field will allow you to:

Explicitly weight points, which is cleaner when sharing symbology or scripting. Later, if points ever summarize multiple calls (e.g., after a spatial join), you can update the field accordingly. Would you like a Python script to automate adding that field to all relevant layers? Provide Feedback | View Changes | Contribute. You said:
yes
ChatGPT said:
Great ‚Äî here‚Äôs a Python script that will:

Add a new incident_count field (if it doesn‚Äôt exist). Set the value of that field to 1 for all records. Do this for every layer in your ArcGIS Pro map that matches the automated weekly report pattern (like "Burglary - Auto 7-Day", "MV Theft YTD", etc.). ‚úÖ Python Script (Run in ArcGIS Pro Python Window or Script Tool)
import arcpy

# Get current project and first map
project = arcpy.mp.ArcGISProject("CURRENT")
map_obj = project.listMaps()[0]

# Define target layers
target_layers = [
    "Burglary - Auto 7-Day", "Burglary - Auto 28-Day", "Burglary - Auto YTD",
    "Burglary - Comm & Res 7-Day", "Burglary - Comm & Res 28-Day", "Burglary - Comm & Res YTD",
    "Robbery 7-Day", "Robbery 28-Day", "Robbery YTD",
    "Sexual Offenses 7-Day", "Sexual Offenses 28-Day", "Sexual Offenses YTD",
    "MV Theft 7-Day", "MV Theft 28-Day", "MV Theft YTD"
]

for layer_name in target_layers:
    try:
        lyr = map_obj.listLayers(layer_name)[0]
        if lyr.supports("DATASOURCE"):
            field_names = [f.name for f in arcpy.ListFields(lyr)]
            
            # Add 'incident_count' if it doesn't exist
            if 'incident_count' not in field_names:
                arcpy.AddField_management(lyr, "incident_count", "SHORT")
                print(f"Added 'incident_count' field to {layer_name}.") # Calculate field to 1
            arcpy.CalculateField_management(lyr, "incident_count", "1", "PYTHON3")
            print(f"Set 'incident_count' = 1 for {layer_name}.") else:
            print(f"Layer {layer_name} does not support datasource operations.") except IndexError:
        print(f"Layer {layer_name} not found in map.") üìå After Running This:
Open Symbology for each heatmap layer. Set Weight Field to incident_count. Optionally save symbology as a layer file or default template for future automation. Would you like me to help you apply this symbology automatically as well? Provide Feedback | View Changes | Contribute. You said:
yes
ChatGPT said:
Perfect! To automate the heat map symbology with the incident_count field as the weight, we can update the script to:

Add and calculate the incident_count field (if not already present). Set the symbology renderer to "HeatMapRenderer" and assign:

Method: Constant

Weight Field: incident_count

Color Scheme: "Heat Map - Bright Blue" (or similar)

Radius: 25

Transparency: 50%

‚úÖ Updated Full Python Script
import arcpy

project = arcpy.mp.ArcGISProject("CURRENT")
map_obj = project.listMaps()[0]

target_layers = [
    "Burglary - Auto 7-Day", "Burglary - Auto 28-Day", "Burglary - Auto YTD",
    "Burglary - Comm & Res 7-Day", "Burglary - Comm & Res 28-Day", "Burglary - Comm & Res YTD",
    "Robbery 7-Day", "Robbery 28-Day", "Robbery YTD",
    "Sexual Offenses 7-Day", "Sexual Offenses 28-Day", "Sexual Offenses YTD",
    "MV Theft 7-Day", "MV Theft 28-Day", "MV Theft YTD"
]

for layer_name in target_layers:
    try:
        lyr = map_obj.listLayers(layer_name)[0]
        if lyr.supports("DATASOURCE"):
            field_names = [f.name for f in arcpy.ListFields(lyr)]
            
            # Add and calculate 'incident_count'
            if 'incident_count' not in field_names:
                arcpy.AddField_management(lyr, "incident_count", "SHORT")
                print(f"Added 'incident_count' field to {layer_name}")
            
            arcpy.CalculateField_management(lyr, "incident_count", "1", "PYTHON3")
            print(f"Set 'incident_count' = 1 for {layer_name}")

            # Set heat map symbology
            sym = lyr.symbology
            if sym.renderer.type != "HeatMapRenderer":
                sym.updateRenderer('HeatMapRenderer')

            sym.renderer.radius = 25
            sym.renderer.method = "Constant"
            sym.renderer.weightField = "incident_count"
            sym.renderer.colorRamp = sym.colorRampList[3]  # Pick a vibrant blue ramp (adjust as needed)

            # Set transparency
            sym.transparency = 50

            lyr.symbology = sym
            print(f"Symbology updated for {layer_name}")

        else:
            print(f"Layer {layer_name} does not support datasource operations.") except IndexError:
        print(f"Layer {layer_name} not found.") except Exception as e:
        print(f"Error updating {layer_name}: {e}")
üìå Final Touches
This script automates everything you just did manually. You can save it to a toolbox (.tbx) as a script tool for easy access. Adjust the color ramp index (sym.colorRampList[x]) to fine-tune colors if needed. Would you like a custom tool added to your .tbx for this workflow? Provide Feedback | View Changes | Contribute. You said:
Uploaded image
this is the 28-Day symbology
Constant
20 Radius
Heatmap. Dark magenta-yellow-semi-transparent. Transparency 30%
ChatGPT said:
Excellent‚Äîthank you for confirming the 28-Day symbology settings. Here's how we can now tailor the script to apply different heat map styles for each time range (7-Day, 28-Day, YTD):

‚úÖ Symbology Plan for Each Layer Group
Time Range	Radius	Color Ramp	Transparency
7-Day	15	Red-Yellow-Blue or similar	30%
28-Day	20	Dark Magenta-Yellow - Semitransparent	30%
YTD	25	Bright Blue (or Blue-Cyan)	50%
‚úÖ Script Update Highlights
Assign radius/color scheme based on layer name

Set transparency

Use no weight field (default behavior, as you're visualizing density)

üîÅ Updated Python Snippet (Symbology Configuration Only)
Add this inside your main loop where you're updating each layer's symbology:

# Determine symbology settings
if "7-Day" in layer_name:
    radius = 15
    color_ramp_index = 2  # Adjust to preferred "Red-Yellow-Blue"
    transparency = 30
elif "28-Day" in layer_name:
    radius = 20
    color_ramp_index = 1  # Adjust to Dark Magenta-Yellow
    transparency = 30
elif "YTD" in layer_name:
    radius = 25
    color_ramp_index = 3  # Adjust to Blue-Cyan
    transparency = 50
else:
    radius = 25
    color_ramp_index = 0
    transparency = 40

# Update symbology
sym = lyr.symbology
if sym.renderer.type != "HeatMapRenderer":
    sym.updateRenderer('HeatMapRenderer')

sym.renderer.method = "Constant"
sym.renderer.radius = radius
sym.renderer.weightField = None
sym.renderer.colorRamp = sym.colorRampList[color_ramp_index]
sym.transparency = transparency
lyr.symbology = sym
Would you like me to drop this into your full automation script with layout improvements and base map layer protection next? Provide Feedback | View Changes | Contribute. You said:
Uploaded image
7-Day Symbology 
ChatGPT said:
Perfect, thank you! Based on this 7-Day symbology:

‚úÖ 7-Day Layer Symbology Configuration
Renderer: Single Symbol (not a heat map)

Shape: Solid Circle

Color: Red Fill

Outline: Black, 0.6 pt

Size: 12 pt

Transparency: 0%

This means 7-Day layers use standard point symbology rather than heat maps, so our script needs to apply the symbology renderer differently for these. üîÅ Updated Renderer Plan per Time Range
Time Range	Renderer	Style / Color Ramp	Notes
7-Day	SimpleRenderer	Red Circle, Black Outline, Size 12 pt	Symbol point renderer
28-Day	Heat Map	Dark Magenta‚ÄìYellow ‚Äì Semi-transparent	Radius 20, transparency 30%
YTD	Heat Map	Blue‚ÄìCyan (light blue ramp)	Radius 25, transparency 50%
Would you like me to integrate all of this into a fully updated script that:

Applies this per-layer symbology

Keeps the basemap layers (e.g., city boundaries) visible

Ensures the layout legend updates and displays correctly

Maintains zoom-to-visible-features logic? Let me know if you're ready for that final combined version. Provide Feedback | View Changes | Contribute. You said:
to confirm this script will be for the templet? if then yes
ChatGPT said:
Yes ‚Äî the final script I‚Äôll provide will be designed specifically for your TimeSCRPATemplet.aprx template and will:

‚úÖ Automate the Weekly Crime Report Generation by:
Filtering Layers

Applies definition queries using the correct field names (e.g., "calldate", "disposition", "calltype"). Rendering by Time Range

7-Day ‚Üí Red points with black outlines (SimpleRenderer)

28-Day ‚Üí Heat map (Magenta‚ÄìYellow), 20 radius, 30% transparency

YTD ‚Üí Heat map (Blue‚ÄìCyan), 25 radius, 50% transparency

Preserving Basemap Layers

Keeps City Boundaries and all base layers visible in map and export. Legend & Layout Handling

Keeps your predefined layout and legend working properly. Avoids blank legend by ensuring layers are visible and symbolized. Zooms to Visible Features

Automatically fits the layout extent to each group‚Äôs visible content. Exports PDFs

One per group (MV Theft, Robbery, etc.) into your Reports folder. I'll now write and provide the finalized script for you to drop into your Toolbox tool (e.g., WeeklyCrimeReport). Ready? ‚úÖ Script complete! It‚Äôs tailored for your TimeSCRPATemplet.aprx project and automates weekly report generation with accurate filtering, symbology, layout management, and exports. Before running:

Open the template project

Confirm layers exist and are named as expected

Make sure the CSV path and export folder are correct

Let me know if you'd like to auto-generate the layout elements like titles, date labels, or dynamic legends. Provide Feedback | View Changes | Contribute. You said:
7Day 28Day Cycle 202504147Day_28Day_250414


I would like the exported layouts to be saved in a folder that has the value in the report_name column to the currently active reporting cycle. I want the folder to be saved at:
C:\Users\carucci_r\OneDrive - City of Hackensack\_25_SCRPA\TIME_Based\Reports
ChatGPT said:

Analysis errored
Always show details

import pandas as pd

# Load the Excel file
excel_path = "/mnt/data/7Day_28Day_Cycle_20250414.xlsx"
df = pd.read_excel(excel_path)

# Filter the row where Is_Due is True
active_cycle = df[df["Is_Due"] == True]

# Extract the report_name
report_name_value = active_cycle["report_name"].values[0] if not active_cycle.empty else "NoActiveCycle"

report_name_value

Analysis errored
Always show details

# Re-import libraries due to code environment reset
import pandas as pd

# Reload the Excel file
excel_path = "/mnt/data/7Day_28Day_Cycle_20250414.xlsx"
df = pd.read_excel(excel_path)

# Filter the row where Is_Due is True
active_cycle = df[df["Is_Due"] == True]

# Extract the report_name
report_name_value = active_cycle["report_name"].values[0] if not active_cycle.empty else "NoActiveCycle"

report_name_value
---------------------------------------------------------------------------
KeyError                                  Traceback (most recent call last)
File ~/.local/lib/python3.11/site-packages/pandas/core/indexes/base.py:3802, in Index.get_loc(self, key, method, tolerance)
   3801 try:
-> 3802     return self._engine.get_loc(casted_key)
   3803 except KeyError as err:

File ~/.local/lib/python3.11/site-packages/pandas/_libs/index.pyx:138, in pandas._libs.index.IndexEngine.get_loc()

File ~/.local/lib/python3.11/site-packages/pandas/_libs/index.pyx:165, in pandas._libs.index.IndexEngine.get_loc()

File pandas/_libs/hashtable_class_helper.pxi:5745, in pandas._libs.hashtable.PyObjectHashTable.get_item()

File pandas/_libs/hashtable_class_helper.pxi:5753, in pandas._libs.hashtable.PyObjectHashTable.get_item()

KeyError: 'report_name'

The above exception was the direct cause of the following exception:

KeyError                                  Traceback (most recent call last)
Cell In[1], line 12
      9 active_cycle = df[df["Is_Due"] == True]
     11 # Extract the report_name
---> 12 report_name_value = active_cycle["report_name"].values[0] if not active_cycle.empty else "NoActiveCycle"
     14 report_name_value

File ~/.local/lib/python3.11/site-packages/pandas/core/frame.py:3807, in DataFrame.__getitem__(self, key)
   3805 if self.columns.nlevels > 1:
   3806     return self._getitem_multilevel(key)
-> 3807 indexer = self.columns.get_loc(key)
   3808 if is_integer(indexer):
   3809     indexer = [indexer]

File ~/.local/lib/python3.11/site-packages/pandas/core/indexes/base.py:3804, in Index.get_loc(self, key, method, tolerance)
   3802     return self._engine.get_loc(casted_key)
   3803 except KeyError as err:
-> 3804     raise KeyError(key) from err
   3805 except TypeError:
   3806     # If we have a listlike key, _check_indexing_error will raise
   3807     #  InvalidIndexError. Otherwise we fall through and re-raise
   3808     #  the TypeError. 3809     self._check_indexing_error(key)

KeyError: 'report_name'

Analyzed
Always show details

# Display the column names to identify the correct name for 'report_name'
df.columns
Result
Index(['Report_Due_Date', '7_Day_Start', '7_Day_End', '28_Day_Start',
       '28_Day_End', 'Report_Name', 'Is_Due'],
      dtype='object')

Analyzed
Always show details

# Correcting the column name based on the actual header in the file
report_name_value = active_cycle["Report_Name"].values[0] if not active_cycle.empty else "NoActiveCycle"

report_name_value
Result
'C05W18'
The current active reporting cycle's folder name is:

C05W18
This means the exported layouts will be saved in the following path:

C:\Users\carucci_r\OneDrive - City of Hackensack\_25_SCRPA\TIME_Based\Reports\C05W18
I‚Äôll now proceed to update the script so it:

Uses this folder naming convention. Automatically creates the folder if it doesn‚Äôt exist. Saves all PDFs there. Would you like the script to also print that folder path in the Geoprocessing tool's Messages panel? You said:
please explain further
ChatGPT said:
Absolutely. Here's a breakdown of what we're doing:

1. Use the Active Reporting Cycle Name for Folder Creation
In your Excel file (7Day_28Day_Cycle_20250414.xlsx), there's a column called report_name. It contains values like:

C05W18
This value corresponds to the current reporting cycle and uniquely identifies the week for which the crime report is generated. 2. Create a Folder Named After That Report Name
We will dynamically create a folder using that report_name value.